{
  "stats": {
    "suites": 12,
    "tests": 41,
    "passes": 16,
    "pending": 0,
    "failures": 25,
    "start": "2022-08-03T12:57:23.047Z",
    "end": "2022-08-03T12:59:26.295Z",
    "duration": 123248,
    "testsRegistered": 41,
    "passPercent": 39.02439024390244,
    "pendingPercent": 0,
    "other": 0,
    "hasOther": false,
    "skipped": 0,
    "hasSkipped": false
  },
  "results": [
    {
      "uuid": "63af74eb-4bea-4512-8a54-161b560ced3c",
      "title": "",
      "fullFile": "cypress/integration/project.spec.js",
      "file": "cypress/integration/project.spec.js",
      "beforeHooks": [],
      "afterHooks": [],
      "tests": [],
      "suites": [
        {
          "uuid": "e11fb6b4-5862-43e2-b50e-92cff4d75738",
          "title": "1 - Adicione à página o título \"Paleta de Cores\"",
          "fullFile": "",
          "file": "",
          "beforeHooks": [],
          "afterHooks": [],
          "tests": [
            {
              "title": "Verifica se contém um elemento `h1` com o id `title` com o título correto",
              "fullTitle": "1 - Adicione à página o título \"Paleta de Cores\" Verifica se contém um elemento `h1` com o id `title` com o título correto",
              "timedOut": null,
              "duration": 362,
              "state": "passed",
              "speed": "slow",
              "pass": true,
              "fail": false,
              "pending": false,
              "context": null,
              "code": "cy.get('h1#title').should('contain.text', 'Paleta de Cores');",
              "err": {},
              "uuid": "d820645a-50ac-4493-948f-49dced7cf96f",
              "parentUUID": "e11fb6b4-5862-43e2-b50e-92cff4d75738",
              "isHook": false,
              "skipped": false
            }
          ],
          "suites": [],
          "passes": [
            "d820645a-50ac-4493-948f-49dced7cf96f"
          ],
          "failures": [],
          "pending": [],
          "skipped": [],
          "duration": 362,
          "root": false,
          "rootEmpty": false,
          "_timeout": 2000
        },
        {
          "uuid": "74963be0-ffa4-4a53-8a61-926d104c4d09",
          "title": "2 - Adicione à página uma paleta contendo quatro cores distintas",
          "fullFile": "",
          "file": "",
          "beforeHooks": [],
          "afterHooks": [],
          "tests": [
            {
              "title": "A paleta de cores deve ser um elemento com `id` denominado `color-palette` e ter mais de 0px de altura e de largura.",
              "fullTitle": "2 - Adicione à página uma paleta contendo quatro cores distintas A paleta de cores deve ser um elemento com `id` denominado `color-palette` e ter mais de 0px de altura e de largura.",
              "timedOut": null,
              "duration": 4762,
              "state": "failed",
              "speed": null,
              "pass": false,
              "fail": true,
              "pending": false,
              "context": null,
              "code": "cy.get('#color-palette').should('be.visible');\ncy.get('#color-palette').children('.color');",
              "err": {
                "message": "CypressError: Timed out retrying: Expected to find element: '#color-palette', but never found it.",
                "estack": "CypressError: Timed out retrying: Expected to find element: '#color-palette', but never found it.\n    at cypressErr (http://localhost:65231/__cypress/runner/cypress_runner.js:149934:9)\n    at throwErr (http://localhost:65231/__cypress/runner/cypress_runner.js:149867:11)\n    at Object.throwErrByPath (http://localhost:65231/__cypress/runner/cypress_runner.js:149915:3)\n    at retry (http://localhost:65231/__cypress/runner/cypress_runner.js:144197:19)\n    at onFailFn (http://localhost:65231/__cypress/runner/cypress_runner.js:132448:16)\n    at tryCatcher (http://localhost:65231/__cypress/runner/cypress_runner.js:167415:23)\n    at Promise._settlePromiseFromHandler (http://localhost:65231/__cypress/runner/cypress_runner.js:165351:31)\n    at Promise._settlePromise (http://localhost:65231/__cypress/runner/cypress_runner.js:165408:18)\n    at Promise._settlePromise0 (http://localhost:65231/__cypress/runner/cypress_runner.js:165453:10)\n    at Promise._settlePromises (http://localhost:65231/__cypress/runner/cypress_runner.js:165528:18)\n    at Async../node_modules/bluebird/js/release/async.js.Async._drainQueue (http://localhost:65231/__cypress/runner/cypress_runner.js:162140:16)\n    at Async../node_modules/bluebird/js/release/async.js.Async._drainQueues (http://localhost:65231/__cypress/runner/cypress_runner.js:162150:10)\n    at Async.drainQueues (http://localhost:65231/__cypress/runner/cypress_runner.js:162024:14)",
                "diff": null
              },
              "uuid": "cc749f3a-94fa-41bd-9d8a-b98c6f2cd548",
              "parentUUID": "74963be0-ffa4-4a53-8a61-926d104c4d09",
              "isHook": false,
              "skipped": false
            },
            {
              "title": "Verifica se cada cor individual da paleta de cores possui a `classe` chamada `color`.",
              "fullTitle": "2 - Adicione à página uma paleta contendo quatro cores distintas Verifica se cada cor individual da paleta de cores possui a `classe` chamada `color`.",
              "timedOut": null,
              "duration": 296,
              "state": "passed",
              "speed": "slow",
              "pass": true,
              "fail": false,
              "pending": false,
              "context": null,
              "code": "cy.get('.color').should('have.length', 4).then(function (colors) {\n  for (var i = 0; i < colors.length; i++) {\n    cy.wrap(colors[i]).should('be.visible');\n  }\n});",
              "err": {},
              "uuid": "69db36fc-ba0a-4240-96e1-55e9335ae514",
              "parentUUID": "74963be0-ffa4-4a53-8a61-926d104c4d09",
              "isHook": false,
              "skipped": false
            },
            {
              "title": "Verifica se a cor de fundo de cada elemento da paleta é a cor que o elemento representa. **A única cor não permitida na paleta é a cor branca.**",
              "fullTitle": "2 - Adicione à página uma paleta contendo quatro cores distintas Verifica se a cor de fundo de cada elemento da paleta é a cor que o elemento representa. **A única cor não permitida na paleta é a cor branca.**",
              "timedOut": null,
              "duration": 328,
              "state": "passed",
              "speed": "slow",
              "pass": true,
              "fail": false,
              "pending": false,
              "context": null,
              "code": "cy.get('.color').each(function (color) {\n  cy.wrap(color).should('have.class', 'color').and('not.have.css', 'background-color', WHITE);\n  cy.wrap(color).should('have.css', 'background-color');\n});",
              "err": {},
              "uuid": "2eb257d5-b5c9-41fa-9a9b-71c9bfdb44e6",
              "parentUUID": "74963be0-ffa4-4a53-8a61-926d104c4d09",
              "isHook": false,
              "skipped": false
            },
            {
              "title": "Verifica se cada elemento da paleta de cores tem uma borda preta, sólida e com 1 pixel de largura;",
              "fullTitle": "2 - Adicione à página uma paleta contendo quatro cores distintas Verifica se cada elemento da paleta de cores tem uma borda preta, sólida e com 1 pixel de largura;",
              "timedOut": null,
              "duration": 304,
              "state": "passed",
              "speed": "slow",
              "pass": true,
              "fail": false,
              "pending": false,
              "context": null,
              "code": "cy.get('.color').each(function (color) {\n  cy.wrap(color).and('have.css', 'border', \"1px solid \".concat(BLACK)).and('have.class', 'color');\n});",
              "err": {},
              "uuid": "1511eae0-57c5-445f-92ec-8cbd9bdb6d7e",
              "parentUUID": "74963be0-ffa4-4a53-8a61-926d104c4d09",
              "isHook": false,
              "skipped": false
            },
            {
              "title": "Verifica se a paleta lista todas as cores disponíveis para utilização, lado a lado.",
              "fullTitle": "2 - Adicione à página uma paleta contendo quatro cores distintas Verifica se a paleta lista todas as cores disponíveis para utilização, lado a lado.",
              "timedOut": null,
              "duration": 199,
              "state": "passed",
              "speed": "slow",
              "pass": true,
              "fail": false,
              "pending": false,
              "context": null,
              "code": "cy.get('.color').then(function (colors) {\n  for (var index = 1; index < colors.length; index += 1) {\n    var currentColor = colors[index];\n    var previousColor = colors[index - 1];\n    cy.wrap(currentColor).should('be.onTheRightOf', previousColor).and('be.horizontallyAlignedWith', previousColor);\n  }\n});",
              "err": {},
              "uuid": "04d4a9b7-e6bd-4184-962e-6d053b69a1d4",
              "parentUUID": "74963be0-ffa4-4a53-8a61-926d104c4d09",
              "isHook": false,
              "skipped": false
            },
            {
              "title": "Verifica se a paleta de cores está posicionada abaixo do título 'Paleta de Cores'",
              "fullTitle": "2 - Adicione à página uma paleta contendo quatro cores distintas Verifica se a paleta de cores está posicionada abaixo do título 'Paleta de Cores'",
              "timedOut": null,
              "duration": 4569,
              "state": "failed",
              "speed": null,
              "pass": false,
              "fail": true,
              "pending": false,
              "context": null,
              "code": "cy.get('h1#title').then(function (title) {\n  cy.get('#color-palette').should('be.belowOf', title);\n});",
              "err": {
                "message": "CypressError: Timed out retrying: Expected to find element: '#color-palette', but never found it.",
                "estack": "CypressError: Timed out retrying: Expected to find element: '#color-palette', but never found it.\n    at cypressErr (http://localhost:65231/__cypress/runner/cypress_runner.js:149934:9)\n    at throwErr (http://localhost:65231/__cypress/runner/cypress_runner.js:149867:11)\n    at Object.throwErrByPath (http://localhost:65231/__cypress/runner/cypress_runner.js:149915:3)\n    at retry (http://localhost:65231/__cypress/runner/cypress_runner.js:144197:19)\n    at onFailFn (http://localhost:65231/__cypress/runner/cypress_runner.js:132448:16)\n    at tryCatcher (http://localhost:65231/__cypress/runner/cypress_runner.js:167415:23)\n    at Promise._settlePromiseFromHandler (http://localhost:65231/__cypress/runner/cypress_runner.js:165351:31)\n    at Promise._settlePromise (http://localhost:65231/__cypress/runner/cypress_runner.js:165408:18)\n    at Promise._settlePromise0 (http://localhost:65231/__cypress/runner/cypress_runner.js:165453:10)\n    at Promise._settlePromises (http://localhost:65231/__cypress/runner/cypress_runner.js:165528:18)\n    at Async../node_modules/bluebird/js/release/async.js.Async._drainQueue (http://localhost:65231/__cypress/runner/cypress_runner.js:162140:16)\n    at Async../node_modules/bluebird/js/release/async.js.Async._drainQueues (http://localhost:65231/__cypress/runner/cypress_runner.js:162150:10)\n    at Async.drainQueues (http://localhost:65231/__cypress/runner/cypress_runner.js:162024:14)",
                "diff": null
              },
              "uuid": "c0fbf82b-a289-484c-917a-a1be01bea4d9",
              "parentUUID": "74963be0-ffa4-4a53-8a61-926d104c4d09",
              "isHook": false,
              "skipped": false
            },
            {
              "title": "Verifica se a paleta de cores não contém cores repetidas.",
              "fullTitle": "2 - Adicione à página uma paleta contendo quatro cores distintas Verifica se a paleta de cores não contém cores repetidas.",
              "timedOut": null,
              "duration": 446,
              "state": "passed",
              "speed": "slow",
              "pass": true,
              "fail": false,
              "pending": false,
              "context": null,
              "code": "cy.get('.color').then(function (colors) {\n  var allColors = Array.from(colors).map(function (color) {\n    return Cypress.$(color).css('background-color');\n  });\n  cy.log(allColors);\n  var uniqColors = (0, _toConsumableArray2[\"default\"])(new Set(allColors));\n  cy.log(uniqColors);\n  expect(allColors.length).to.eq(uniqColors.length);\n});",
              "err": {},
              "uuid": "965e8de6-4fc5-47e9-b5af-9786998af621",
              "parentUUID": "74963be0-ffa4-4a53-8a61-926d104c4d09",
              "isHook": false,
              "skipped": false
            }
          ],
          "suites": [],
          "passes": [
            "69db36fc-ba0a-4240-96e1-55e9335ae514",
            "2eb257d5-b5c9-41fa-9a9b-71c9bfdb44e6",
            "1511eae0-57c5-445f-92ec-8cbd9bdb6d7e",
            "04d4a9b7-e6bd-4184-962e-6d053b69a1d4",
            "965e8de6-4fc5-47e9-b5af-9786998af621"
          ],
          "failures": [
            "cc749f3a-94fa-41bd-9d8a-b98c6f2cd548",
            "c0fbf82b-a289-484c-917a-a1be01bea4d9"
          ],
          "pending": [],
          "skipped": [],
          "duration": 10904,
          "root": false,
          "rootEmpty": false,
          "_timeout": 2000
        },
        {
          "uuid": "70812fac-971e-48e5-9bdc-a37fafbe328b",
          "title": "3 - Adicione a cor **preta** como a primeira cor da paleta de cores",
          "fullFile": "",
          "file": "",
          "beforeHooks": [],
          "afterHooks": [],
          "tests": [
            {
              "title": "Verifica se a primeira cor da paleta é preta",
              "fullTitle": "3 - Adicione a cor **preta** como a primeira cor da paleta de cores Verifica se a primeira cor da paleta é preta",
              "timedOut": null,
              "duration": 178,
              "state": "passed",
              "speed": "slow",
              "pass": true,
              "fail": false,
              "pending": false,
              "context": null,
              "code": "cy.get('.color').first().should('have.css', 'background-color', BLACK);",
              "err": {},
              "uuid": "621de7ca-6e1e-40e3-9d49-98d87a665e72",
              "parentUUID": "70812fac-971e-48e5-9bdc-a37fafbe328b",
              "isHook": false,
              "skipped": false
            },
            {
              "title": "Verifica se as demais cores podem ser escolhidas livremente.",
              "fullTitle": "3 - Adicione a cor **preta** como a primeira cor da paleta de cores Verifica se as demais cores podem ser escolhidas livremente.",
              "timedOut": null,
              "duration": 283,
              "state": "passed",
              "speed": "slow",
              "pass": true,
              "fail": false,
              "pending": false,
              "context": null,
              "code": "cy.get('.color').eq(1).should('not.have.css', 'background-color', BLACK);\ncy.get('.color').eq(1).should('not.have.css', 'background-color', WHITE);\ncy.get('.color').eq(1).should('not.have.css', 'background-color', 'rgba(0, 0, 0, 0)');\ncy.get('.color').eq(1).should('have.css', 'background-color');\ncy.get('.color').eq(2).should('not.have.css', 'background-color', BLACK);\ncy.get('.color').eq(2).should('not.have.css', 'background-color', WHITE);\ncy.get('.color').eq(2).should('not.have.css', 'background-color', 'rgba(0, 0, 0, 0)');\ncy.get('.color').eq(2).should('have.css', 'background-color');\ncy.get('.color').eq(3).should('not.have.css', 'background-color', BLACK);\ncy.get('.color').eq(3).should('not.have.css', 'background-color', WHITE);\ncy.get('.color').eq(3).should('not.have.css', 'background-color', 'rgba(0, 0, 0, 0)');\ncy.get('.color').eq(3).should('have.css', 'background-color');",
              "err": {},
              "uuid": "3eb7d54a-34e2-40fb-b8bd-65a4008e0613",
              "parentUUID": "70812fac-971e-48e5-9bdc-a37fafbe328b",
              "isHook": false,
              "skipped": false
            }
          ],
          "suites": [],
          "passes": [
            "621de7ca-6e1e-40e3-9d49-98d87a665e72",
            "3eb7d54a-34e2-40fb-b8bd-65a4008e0613"
          ],
          "failures": [],
          "pending": [],
          "skipped": [],
          "duration": 461,
          "root": false,
          "rootEmpty": false,
          "_timeout": 2000
        },
        {
          "uuid": "a7d0a1f1-bea2-4ec7-a4a6-d04ffc57f484",
          "title": "4 - Adicione à página um quadro contendo 25 pixels",
          "fullFile": "",
          "file": "",
          "beforeHooks": [],
          "afterHooks": [],
          "tests": [
            {
              "title": "Verifica se o quadro de pixels possui o `id` denominado `pixel-board`",
              "fullTitle": "4 - Adicione à página um quadro contendo 25 pixels Verifica se o quadro de pixels possui o `id` denominado `pixel-board`",
              "timedOut": null,
              "duration": 180,
              "state": "passed",
              "speed": "slow",
              "pass": true,
              "fail": false,
              "pending": false,
              "context": null,
              "code": "cy.get('#pixel-board').should('be.visible');",
              "err": {},
              "uuid": "73f52ab6-eeeb-431a-bb76-21328a944671",
              "parentUUID": "a7d0a1f1-bea2-4ec7-a4a6-d04ffc57f484",
              "isHook": false,
              "skipped": false
            },
            {
              "title": "Verifica se cada pixel individual dentro do quadro possui a `classe` denominada `pixel`.",
              "fullTitle": "4 - Adicione à página um quadro contendo 25 pixels Verifica se cada pixel individual dentro do quadro possui a `classe` denominada `pixel`.",
              "timedOut": null,
              "duration": 206,
              "state": "passed",
              "speed": "slow",
              "pass": true,
              "fail": false,
              "pending": false,
              "context": null,
              "code": "cy.get('.pixel').should('have.length', 25);",
              "err": {},
              "uuid": "a418c923-fac7-4bf9-9bfd-871b8e341c4d",
              "parentUUID": "a7d0a1f1-bea2-4ec7-a4a6-d04ffc57f484",
              "isHook": false,
              "skipped": false
            },
            {
              "title": "Verifica se a cor inicial dos pixels dentro do quadro, ao abrir a página, é branca.",
              "fullTitle": "4 - Adicione à página um quadro contendo 25 pixels Verifica se a cor inicial dos pixels dentro do quadro, ao abrir a página, é branca.",
              "timedOut": null,
              "duration": 235,
              "state": "passed",
              "speed": "slow",
              "pass": true,
              "fail": false,
              "pending": false,
              "context": null,
              "code": "cy.get('.pixel').should('have.length', 25).each(function (pixel) {\n  expect(pixel).to.have.css('background-color', WHITE);\n});",
              "err": {},
              "uuid": "1485fe7a-cf06-497a-94fa-cc635a4a085a",
              "parentUUID": "a7d0a1f1-bea2-4ec7-a4a6-d04ffc57f484",
              "isHook": false,
              "skipped": false
            },
            {
              "title": "Verifica se o quadro de pixels aparece abaixo da paleta de cores",
              "fullTitle": "4 - Adicione à página um quadro contendo 25 pixels Verifica se o quadro de pixels aparece abaixo da paleta de cores",
              "timedOut": null,
              "duration": 4571,
              "state": "failed",
              "speed": null,
              "pass": false,
              "fail": true,
              "pending": false,
              "context": null,
              "code": "cy.get('#color-palette').then(function (palette) {\n  cy.get('#pixel-board').should('be.belowOf', palette);\n});",
              "err": {
                "message": "CypressError: Timed out retrying: Expected to find element: '#color-palette', but never found it.",
                "estack": "CypressError: Timed out retrying: Expected to find element: '#color-palette', but never found it.\n    at cypressErr (http://localhost:65231/__cypress/runner/cypress_runner.js:149934:9)\n    at throwErr (http://localhost:65231/__cypress/runner/cypress_runner.js:149867:11)\n    at Object.throwErrByPath (http://localhost:65231/__cypress/runner/cypress_runner.js:149915:3)\n    at retry (http://localhost:65231/__cypress/runner/cypress_runner.js:144197:19)\n    at onFailFn (http://localhost:65231/__cypress/runner/cypress_runner.js:132448:16)\n    at tryCatcher (http://localhost:65231/__cypress/runner/cypress_runner.js:167415:23)\n    at Promise._settlePromiseFromHandler (http://localhost:65231/__cypress/runner/cypress_runner.js:165351:31)\n    at Promise._settlePromise (http://localhost:65231/__cypress/runner/cypress_runner.js:165408:18)\n    at Promise._settlePromise0 (http://localhost:65231/__cypress/runner/cypress_runner.js:165453:10)\n    at Promise._settlePromises (http://localhost:65231/__cypress/runner/cypress_runner.js:165528:18)\n    at Async../node_modules/bluebird/js/release/async.js.Async._drainQueue (http://localhost:65231/__cypress/runner/cypress_runner.js:162140:16)\n    at Async../node_modules/bluebird/js/release/async.js.Async._drainQueues (http://localhost:65231/__cypress/runner/cypress_runner.js:162150:10)\n    at Async.drainQueues (http://localhost:65231/__cypress/runner/cypress_runner.js:162024:14)",
                "diff": null
              },
              "uuid": "5b5d96fe-31eb-4ecd-9526-448584603211",
              "parentUUID": "a7d0a1f1-bea2-4ec7-a4a6-d04ffc57f484",
              "isHook": false,
              "skipped": false
            }
          ],
          "suites": [],
          "passes": [
            "73f52ab6-eeeb-431a-bb76-21328a944671",
            "a418c923-fac7-4bf9-9bfd-871b8e341c4d",
            "1485fe7a-cf06-497a-94fa-cc635a4a085a"
          ],
          "failures": [
            "5b5d96fe-31eb-4ecd-9526-448584603211"
          ],
          "pending": [],
          "skipped": [],
          "duration": 5192,
          "root": false,
          "rootEmpty": false,
          "_timeout": 2000
        },
        {
          "uuid": "e2ea50b3-7bfa-4c96-90d4-42f743b093f8",
          "title": "5 - Faça com que cada elemento do quadro de pixels possua 40 pixels de largura, 40 pixels de altura e seja delimitado por uma borda preta de 1 pixel",
          "fullFile": "",
          "file": "",
          "beforeHooks": [],
          "afterHooks": [],
          "tests": [
            {
              "title": "Verifica se o quadro de pixels tem altura e comprimento de 5 elementos",
              "fullTitle": "5 - Faça com que cada elemento do quadro de pixels possua 40 pixels de largura, 40 pixels de altura e seja delimitado por uma borda preta de 1 pixel Verifica se o quadro de pixels tem altura e comprimento de 5 elementos",
              "timedOut": null,
              "duration": 654,
              "state": "passed",
              "speed": "slow",
              "pass": true,
              "fail": false,
              "pending": false,
              "context": null,
              "code": "cy.get('.pixel').should('have.length', 25).each(function (pixel) {\n  expect(pixel).to.have.css('background-color', WHITE);\n}).and(function (pixels) {\n  var rows = chunk(pixels, 5);\n  rows.forEach(function (row) {\n    for (var index = 1; index < row.length; index += 1) {\n      var current = pixels[index];\n      var previous = pixels[index - 1];\n      cy.wrap(current).should('be.onTheRightOf', previous).and('be.horizontallyAlignedWith', previous);\n    }\n  });\n  for (var index = 1; index < 5; index += 1) {\n    expect(pixels[index * 5]).to.be.belowOf(pixels[(index - 1) * 5]);\n  }\n});",
              "err": {},
              "uuid": "bfb5a8b2-28cd-4d3d-b952-aeed3d32e3c2",
              "parentUUID": "e2ea50b3-7bfa-4c96-90d4-42f743b093f8",
              "isHook": false,
              "skipped": false
            },
            {
              "title": "Verifica se 40 pixels é o tamanho total do elemento, incluindo seu conteúdo e excluindo a borda preta, que deve ser criada à parte.",
              "fullTitle": "5 - Faça com que cada elemento do quadro de pixels possua 40 pixels de largura, 40 pixels de altura e seja delimitado por uma borda preta de 1 pixel Verifica se 40 pixels é o tamanho total do elemento, incluindo seu conteúdo e excluindo a borda preta, que deve ser criada à parte.",
              "timedOut": null,
              "duration": 4587,
              "state": "failed",
              "speed": null,
              "pass": false,
              "fail": true,
              "pending": false,
              "context": null,
              "code": "cy.get('.pixel').each(function (pixel) {\n  cy.wrap(pixel).should('have.css', 'height', '40px').and('have.css', 'width', '40px').and('have.css', 'border', \"1px solid \".concat(BLACK));\n});",
              "err": {
                "message": "CypressError: Timed out retrying: expected '<div.pixel>' to have CSS property 'height' with the value '40px', but the value was '0px'",
                "estack": "CypressError: Timed out retrying: expected '<div.pixel>' to have CSS property 'height' with the value '40px', but the value was '0px'\n    at cypressErr (http://localhost:65231/__cypress/runner/cypress_runner.js:149934:9)\n    at throwErr (http://localhost:65231/__cypress/runner/cypress_runner.js:149867:11)\n    at Object.throwErrByPath (http://localhost:65231/__cypress/runner/cypress_runner.js:149915:3)\n    at retry (http://localhost:65231/__cypress/runner/cypress_runner.js:144197:19)\n    at onFailFn (http://localhost:65231/__cypress/runner/cypress_runner.js:132448:16)\n    at tryCatcher (http://localhost:65231/__cypress/runner/cypress_runner.js:167415:23)\n    at Promise._settlePromiseFromHandler (http://localhost:65231/__cypress/runner/cypress_runner.js:165351:31)\n    at Promise._settlePromise (http://localhost:65231/__cypress/runner/cypress_runner.js:165408:18)\n    at Promise._settlePromise0 (http://localhost:65231/__cypress/runner/cypress_runner.js:165453:10)\n    at Promise._settlePromises (http://localhost:65231/__cypress/runner/cypress_runner.js:165528:18)\n    at Async../node_modules/bluebird/js/release/async.js.Async._drainQueue (http://localhost:65231/__cypress/runner/cypress_runner.js:162140:16)\n    at Async../node_modules/bluebird/js/release/async.js.Async._drainQueues (http://localhost:65231/__cypress/runner/cypress_runner.js:162150:10)\n    at Async.drainQueues (http://localhost:65231/__cypress/runner/cypress_runner.js:162024:14)",
                "diff": null
              },
              "uuid": "3bacf209-1d92-4ccb-a28f-9f1ed4d44446",
              "parentUUID": "e2ea50b3-7bfa-4c96-90d4-42f743b093f8",
              "isHook": false,
              "skipped": false
            }
          ],
          "suites": [],
          "passes": [
            "bfb5a8b2-28cd-4d3d-b952-aeed3d32e3c2"
          ],
          "failures": [
            "3bacf209-1d92-4ccb-a28f-9f1ed4d44446"
          ],
          "pending": [],
          "skipped": [],
          "duration": 5241,
          "root": false,
          "rootEmpty": false,
          "_timeout": 2000
        },
        {
          "uuid": "1fa83fee-77ae-481e-8a7c-950de1291208",
          "title": "6 - Defina a cor preta como cor inicial da paleta de cores. Ao carregar a página a cor preta já deve estar selecionada para pintar os pixels",
          "fullFile": "",
          "file": "",
          "beforeHooks": [],
          "afterHooks": [],
          "tests": [
            {
              "title": "Verifica se o elemento da cor preta possui, inicialmente, a `classe` `selected`",
              "fullTitle": "6 - Defina a cor preta como cor inicial da paleta de cores. Ao carregar a página a cor preta já deve estar selecionada para pintar os pixels Verifica se o elemento da cor preta possui, inicialmente, a `classe` `selected`",
              "timedOut": null,
              "duration": 354,
              "state": "passed",
              "speed": "slow",
              "pass": true,
              "fail": false,
              "pending": false,
              "context": null,
              "code": "cy.get('.selected').first().should('have.css', 'background-color', BLACK);",
              "err": {},
              "uuid": "c0f1fec4-9924-42c9-9913-ccb4d96fc174",
              "parentUUID": "1fa83fee-77ae-481e-8a7c-950de1291208",
              "isHook": false,
              "skipped": false
            },
            {
              "title": "Verifica se nenhuma outra cor da paleta tem a `classe` `selected`",
              "fullTitle": "6 - Defina a cor preta como cor inicial da paleta de cores. Ao carregar a página a cor preta já deve estar selecionada para pintar os pixels Verifica se nenhuma outra cor da paleta tem a `classe` `selected`",
              "timedOut": null,
              "duration": 165,
              "state": "passed",
              "speed": "slow",
              "pass": true,
              "fail": false,
              "pending": false,
              "context": null,
              "code": "cy.get('.color:not(:first-child)').each(function (color) {\n  cy.wrap(color).should('not.have.class', 'selected');\n});",
              "err": {},
              "uuid": "f0369878-484e-493d-a41c-22714947fc89",
              "parentUUID": "1fa83fee-77ae-481e-8a7c-950de1291208",
              "isHook": false,
              "skipped": false
            }
          ],
          "suites": [],
          "passes": [
            "c0f1fec4-9924-42c9-9913-ccb4d96fc174",
            "f0369878-484e-493d-a41c-22714947fc89"
          ],
          "failures": [],
          "pending": [],
          "skipped": [],
          "duration": 519,
          "root": false,
          "rootEmpty": false,
          "_timeout": 2000
        },
        {
          "uuid": "4bfe078d-deff-48db-b977-f4c3d46ffb45",
          "title": "7 - Crie uma função para selecionar uma cor na paleta de cores e preencher os pixels no quadro",
          "fullFile": "",
          "file": "",
          "beforeHooks": [],
          "afterHooks": [],
          "tests": [
            {
              "title": "Verifica se somente uma cor da paleta de cores tem a classe `selected` de cada vez",
              "fullTitle": "7 - Crie uma função para selecionar uma cor na paleta de cores e preencher os pixels no quadro Verifica se somente uma cor da paleta de cores tem a classe `selected` de cada vez",
              "timedOut": null,
              "duration": 627,
              "state": "passed",
              "speed": "slow",
              "pass": true,
              "fail": false,
              "pending": false,
              "context": null,
              "code": "cy.get('.color').each(function (selectedColor, selectedColorIndex) {\n  cy.wrap(selectedColor).click();\n  cy.get('.color').each(function (color, colorIndex) {\n    if (colorIndex === selectedColorIndex) {\n      expect(color).to.have[\"class\"]('selected');\n    } else {\n      expect(color).not.to.have[\"class\"]('selected');\n    }\n  });\n});",
              "err": {},
              "uuid": "81bd5733-257e-4fe7-b850-4fc52e296e3a",
              "parentUUID": "4bfe078d-deff-48db-b977-f4c3d46ffb45",
              "isHook": false,
              "skipped": false
            },
            {
              "title": "Verifica se os pixels dentro do quadro não têm a classe `selected` quando são clicados",
              "fullTitle": "7 - Crie uma função para selecionar uma cor na paleta de cores e preencher os pixels no quadro Verifica se os pixels dentro do quadro não têm a classe `selected` quando são clicados",
              "timedOut": null,
              "duration": 6827,
              "state": "failed",
              "speed": null,
              "pass": false,
              "fail": true,
              "pending": false,
              "context": null,
              "code": "cy.get('.color').each(function (color) {\n  var backgroundColor = color.css('background-color');\n  cy.wrap(color).click();\n  cy.get('.pixel').each(function (pixel) {\n    cy.wrap(pixel).click().should('not.have.class', 'selected');\n  });\n});",
              "err": {
                "message": "CypressError: Timed out retrying: cy.click() failed because this element:\n\n<div class=\"pixel color black\"></div>\n\nis being covered by another element:\n\n<div class=\"pixel color black\"></div>\n\nFix this problem, or use {force: true} to disable error checking.\n\nhttps://on.cypress.io/element-cannot-be-interacted-with",
                "estack": "CypressError: Timed out retrying: cy.click() failed because this element:\n\n<div class=\"pixel color black\"></div>\n\nis being covered by another element:\n\n<div class=\"pixel color black\"></div>\n\nFix this problem, or use {force: true} to disable error checking.\n\nhttps://on.cypress.io/element-cannot-be-interacted-with\n    at cypressErr (http://localhost:65231/__cypress/runner/cypress_runner.js:149934:9)\n    at throwErr (http://localhost:65231/__cypress/runner/cypress_runner.js:149867:11)\n    at Object.throwErrByPath (http://localhost:65231/__cypress/runner/cypress_runner.js:149915:3)\n    at Object.retry (http://localhost:65231/__cypress/runner/cypress_runner.js:144197:19)\n    at retryActionability (http://localhost:65231/__cypress/runner/cypress_runner.js:132052:19)\n    at tryCatcher (http://localhost:65231/__cypress/runner/cypress_runner.js:167415:23)\n    at Function.Promise.attempt.Promise.try (http://localhost:65231/__cypress/runner/cypress_runner.js:164690:29)\n    at tryFn (http://localhost:65231/__cypress/runner/cypress_runner.js:144661:21)\n    at whenStable (http://localhost:65231/__cypress/runner/cypress_runner.js:144696:12)\n    at http://localhost:65231/__cypress/runner/cypress_runner.js:144240:16\n    at tryCatcher (http://localhost:65231/__cypress/runner/cypress_runner.js:167415:23)\n    at Promise._settlePromiseFromHandler (http://localhost:65231/__cypress/runner/cypress_runner.js:165351:31)\n    at Promise._settlePromise (http://localhost:65231/__cypress/runner/cypress_runner.js:165408:18)\n    at Promise._settlePromise0 (http://localhost:65231/__cypress/runner/cypress_runner.js:165453:10)\n    at Promise._settlePromises (http://localhost:65231/__cypress/runner/cypress_runner.js:165532:18)\n    at Promise._fulfill (http://localhost:65231/__cypress/runner/cypress_runner.js:165477:18)",
                "diff": null
              },
              "uuid": "99b679f5-ecb5-49c6-8105-3ade2f540d9b",
              "parentUUID": "4bfe078d-deff-48db-b977-f4c3d46ffb45",
              "isHook": false,
              "skipped": false
            }
          ],
          "suites": [],
          "passes": [
            "81bd5733-257e-4fe7-b850-4fc52e296e3a"
          ],
          "failures": [
            "99b679f5-ecb5-49c6-8105-3ade2f540d9b"
          ],
          "pending": [],
          "skipped": [],
          "duration": 7454,
          "root": false,
          "rootEmpty": false,
          "_timeout": 2000
        },
        {
          "uuid": "8848a4c7-630f-4ebd-8dfe-81ef6dd14ce5",
          "title": "8 - Crie uma função que permita preencher um pixel do quadro com a cor selecionada na paleta de cores",
          "fullFile": "",
          "file": "",
          "beforeHooks": [],
          "afterHooks": [],
          "tests": [
            {
              "title": "Verifica se ao carregar a página deve ser possível pintar os pixels de preto",
              "fullTitle": "8 - Crie uma função que permita preencher um pixel do quadro com a cor selecionada na paleta de cores Verifica se ao carregar a página deve ser possível pintar os pixels de preto",
              "timedOut": null,
              "duration": 4845,
              "state": "failed",
              "speed": null,
              "pass": false,
              "fail": true,
              "pending": false,
              "context": null,
              "code": "cy.get('.pixel').each(function (pixel) {\n  cy.wrap(pixel).click().should('have.css', 'background-color', BLACK);\n});",
              "err": {
                "message": "CypressError: Timed out retrying: expected '<div.pixel.color.black>' to have CSS property 'background-color' with the value 'rgb(0, 0, 0)', but the value was 'rgb(255, 255, 255)'",
                "estack": "CypressError: Timed out retrying: expected '<div.pixel.color.black>' to have CSS property 'background-color' with the value 'rgb(0, 0, 0)', but the value was 'rgb(255, 255, 255)'\n    at cypressErr (http://localhost:65231/__cypress/runner/cypress_runner.js:149934:9)\n    at throwErr (http://localhost:65231/__cypress/runner/cypress_runner.js:149867:11)\n    at Object.throwErrByPath (http://localhost:65231/__cypress/runner/cypress_runner.js:149915:3)\n    at retry (http://localhost:65231/__cypress/runner/cypress_runner.js:144197:19)\n    at onFailFn (http://localhost:65231/__cypress/runner/cypress_runner.js:132448:16)\n    at tryCatcher (http://localhost:65231/__cypress/runner/cypress_runner.js:167415:23)\n    at Promise._settlePromiseFromHandler (http://localhost:65231/__cypress/runner/cypress_runner.js:165351:31)\n    at Promise._settlePromise (http://localhost:65231/__cypress/runner/cypress_runner.js:165408:18)\n    at Promise._settlePromise0 (http://localhost:65231/__cypress/runner/cypress_runner.js:165453:10)\n    at Promise._settlePromises (http://localhost:65231/__cypress/runner/cypress_runner.js:165528:18)\n    at Async../node_modules/bluebird/js/release/async.js.Async._drainQueue (http://localhost:65231/__cypress/runner/cypress_runner.js:162140:16)\n    at Async../node_modules/bluebird/js/release/async.js.Async._drainQueues (http://localhost:65231/__cypress/runner/cypress_runner.js:162150:10)\n    at Async.drainQueues (http://localhost:65231/__cypress/runner/cypress_runner.js:162024:14)",
                "diff": null
              },
              "uuid": "cdc28289-ca3b-4556-960d-b3a3cc1583ce",
              "parentUUID": "8848a4c7-630f-4ebd-8dfe-81ef6dd14ce5",
              "isHook": false,
              "skipped": false
            },
            {
              "title": "Verifica se após selecionar uma outra cor na paleta, é possível pintar os pixels com essa cor",
              "fullTitle": "8 - Crie uma função que permita preencher um pixel do quadro com a cor selecionada na paleta de cores Verifica se após selecionar uma outra cor na paleta, é possível pintar os pixels com essa cor",
              "timedOut": null,
              "duration": 4957,
              "state": "failed",
              "speed": null,
              "pass": false,
              "fail": true,
              "pending": false,
              "context": null,
              "code": "cy.get('.color').each(function (color) {\n  var backgroundColor = color.css('background-color');\n  cy.wrap(color).click();\n  cy.get('.pixel').each(function (pixel) {\n    cy.wrap(pixel).click().should('have.css', 'background-color', backgroundColor);\n  });\n});",
              "err": {
                "message": "CypressError: Timed out retrying: expected '<div.pixel.color.black>' to have CSS property 'background-color' with the value 'rgb(0, 0, 0)', but the value was 'rgb(255, 255, 255)'",
                "estack": "CypressError: Timed out retrying: expected '<div.pixel.color.black>' to have CSS property 'background-color' with the value 'rgb(0, 0, 0)', but the value was 'rgb(255, 255, 255)'\n    at cypressErr (http://localhost:65231/__cypress/runner/cypress_runner.js:149934:9)\n    at throwErr (http://localhost:65231/__cypress/runner/cypress_runner.js:149867:11)\n    at Object.throwErrByPath (http://localhost:65231/__cypress/runner/cypress_runner.js:149915:3)\n    at retry (http://localhost:65231/__cypress/runner/cypress_runner.js:144197:19)\n    at onFailFn (http://localhost:65231/__cypress/runner/cypress_runner.js:132448:16)\n    at tryCatcher (http://localhost:65231/__cypress/runner/cypress_runner.js:167415:23)\n    at Promise._settlePromiseFromHandler (http://localhost:65231/__cypress/runner/cypress_runner.js:165351:31)\n    at Promise._settlePromise (http://localhost:65231/__cypress/runner/cypress_runner.js:165408:18)\n    at Promise._settlePromise0 (http://localhost:65231/__cypress/runner/cypress_runner.js:165453:10)\n    at Promise._settlePromises (http://localhost:65231/__cypress/runner/cypress_runner.js:165528:18)\n    at Async../node_modules/bluebird/js/release/async.js.Async._drainQueue (http://localhost:65231/__cypress/runner/cypress_runner.js:162140:16)\n    at Async../node_modules/bluebird/js/release/async.js.Async._drainQueues (http://localhost:65231/__cypress/runner/cypress_runner.js:162150:10)\n    at Async.drainQueues (http://localhost:65231/__cypress/runner/cypress_runner.js:162024:14)",
                "diff": null
              },
              "uuid": "5f33502e-01cd-457f-88e3-21b8fc4615c8",
              "parentUUID": "8848a4c7-630f-4ebd-8dfe-81ef6dd14ce5",
              "isHook": false,
              "skipped": false
            },
            {
              "title": "Verifica se somente o pixel que foi clicado foi preenchido com a cor selecionada, sem influenciar na cor dos demais pixels.",
              "fullTitle": "8 - Crie uma função que permita preencher um pixel do quadro com a cor selecionada na paleta de cores Verifica se somente o pixel que foi clicado foi preenchido com a cor selecionada, sem influenciar na cor dos demais pixels.",
              "timedOut": null,
              "duration": 1740,
              "state": "passed",
              "speed": "slow",
              "pass": true,
              "fail": false,
              "pending": false,
              "context": null,
              "code": "var colorToPixelIndexMap = {\n  0: 6,\n  1: 8,\n  2: 16,\n  3: 18\n};\ncy.get('.color').each(function (color, index) {\n  cy.wrap(color).click();\n  var backgroundColor = color.css('background-color');\n  var clickedPixelIndex = colorToPixelIndexMap[index];\n  cy.get('.pixel').eq(clickedPixelIndex).click();\n  cy.get('.pixel').eq(clickedPixelIndex - 1).should('not.have.css', 'background-color', backgroundColor);\n  cy.get('.pixel').eq(clickedPixelIndex + 1).should('not.have.css', 'background-color', backgroundColor);\n  cy.get('.pixel').eq(clickedPixelIndex - 5).should('not.have.css', 'background-color', backgroundColor);\n  cy.get('.pixel').eq(clickedPixelIndex + 5).should('not.have.css', 'background-color', backgroundColor);\n  cy.get('.pixel').eq(clickedPixelIndex - 6).should('not.have.css', 'background-color', backgroundColor);\n  cy.get('.pixel').eq(clickedPixelIndex - 4).should('not.have.css', 'background-color', backgroundColor);\n  cy.get('.pixel').eq(clickedPixelIndex + 4).should('not.have.css', 'background-color', backgroundColor);\n  cy.get('.pixel').eq(clickedPixelIndex + 6).should('not.have.css', 'background-color', backgroundColor);\n});",
              "err": {},
              "uuid": "f4359750-19ba-40ee-9ca8-17f39e761b69",
              "parentUUID": "8848a4c7-630f-4ebd-8dfe-81ef6dd14ce5",
              "isHook": false,
              "skipped": false
            }
          ],
          "suites": [],
          "passes": [
            "f4359750-19ba-40ee-9ca8-17f39e761b69"
          ],
          "failures": [
            "cdc28289-ca3b-4556-960d-b3a3cc1583ce",
            "5f33502e-01cd-457f-88e3-21b8fc4615c8"
          ],
          "pending": [],
          "skipped": [],
          "duration": 11542,
          "root": false,
          "rootEmpty": false,
          "_timeout": 2000
        },
        {
          "uuid": "b957c170-8d72-4349-8fcf-3e7efd26dd2b",
          "title": "9 - Crie um botão que, ao ser clicado, limpa o quadro preenchendo a cor de todos seus pixels com branco",
          "fullFile": "",
          "file": "",
          "beforeHooks": [],
          "afterHooks": [],
          "tests": [
            {
              "title": "Verifica se o botão tem o `id` denominado `clear-board`",
              "fullTitle": "9 - Crie um botão que, ao ser clicado, limpa o quadro preenchendo a cor de todos seus pixels com branco Verifica se o botão tem o `id` denominado `clear-board`",
              "timedOut": null,
              "duration": 4696,
              "state": "failed",
              "speed": null,
              "pass": false,
              "fail": true,
              "pending": false,
              "context": null,
              "code": "cy.get('#clear-board').should('be.visible');",
              "err": {
                "message": "CypressError: Timed out retrying: Expected to find element: '#clear-board', but never found it.",
                "estack": "CypressError: Timed out retrying: Expected to find element: '#clear-board', but never found it.\n    at cypressErr (http://localhost:65231/__cypress/runner/cypress_runner.js:149934:9)\n    at throwErr (http://localhost:65231/__cypress/runner/cypress_runner.js:149867:11)\n    at Object.throwErrByPath (http://localhost:65231/__cypress/runner/cypress_runner.js:149915:3)\n    at retry (http://localhost:65231/__cypress/runner/cypress_runner.js:144197:19)\n    at onFailFn (http://localhost:65231/__cypress/runner/cypress_runner.js:132448:16)\n    at tryCatcher (http://localhost:65231/__cypress/runner/cypress_runner.js:167415:23)\n    at Promise._settlePromiseFromHandler (http://localhost:65231/__cypress/runner/cypress_runner.js:165351:31)\n    at Promise._settlePromise (http://localhost:65231/__cypress/runner/cypress_runner.js:165408:18)\n    at Promise._settlePromise0 (http://localhost:65231/__cypress/runner/cypress_runner.js:165453:10)\n    at Promise._settlePromises (http://localhost:65231/__cypress/runner/cypress_runner.js:165528:18)\n    at Async../node_modules/bluebird/js/release/async.js.Async._drainQueue (http://localhost:65231/__cypress/runner/cypress_runner.js:162140:16)\n    at Async../node_modules/bluebird/js/release/async.js.Async._drainQueues (http://localhost:65231/__cypress/runner/cypress_runner.js:162150:10)\n    at Async.drainQueues (http://localhost:65231/__cypress/runner/cypress_runner.js:162024:14)",
                "diff": null
              },
              "uuid": "6e5bd64a-1884-4848-a9fa-d5d4316036db",
              "parentUUID": "b957c170-8d72-4349-8fcf-3e7efd26dd2b",
              "isHook": false,
              "skipped": false
            },
            {
              "title": "Verifica se o botão está posicionado entre a paleta de cores e o quadro de pixels",
              "fullTitle": "9 - Crie um botão que, ao ser clicado, limpa o quadro preenchendo a cor de todos seus pixels com branco Verifica se o botão está posicionado entre a paleta de cores e o quadro de pixels",
              "timedOut": null,
              "duration": 4739,
              "state": "failed",
              "speed": null,
              "pass": false,
              "fail": true,
              "pending": false,
              "context": null,
              "code": "cy.get('#color-palette').then(function (palette) {\n  cy.get('#clear-board').should('be.belowOf', palette);\n});\ncy.get('#clear-board').then(function (clearBtn) {\n  cy.get('#pixel-board').should('be.belowOf', clearBtn);\n});",
              "err": {
                "message": "CypressError: Timed out retrying: Expected to find element: '#color-palette', but never found it.",
                "estack": "CypressError: Timed out retrying: Expected to find element: '#color-palette', but never found it.\n    at cypressErr (http://localhost:65231/__cypress/runner/cypress_runner.js:149934:9)\n    at throwErr (http://localhost:65231/__cypress/runner/cypress_runner.js:149867:11)\n    at Object.throwErrByPath (http://localhost:65231/__cypress/runner/cypress_runner.js:149915:3)\n    at retry (http://localhost:65231/__cypress/runner/cypress_runner.js:144197:19)\n    at onFailFn (http://localhost:65231/__cypress/runner/cypress_runner.js:132448:16)\n    at tryCatcher (http://localhost:65231/__cypress/runner/cypress_runner.js:167415:23)\n    at Promise._settlePromiseFromHandler (http://localhost:65231/__cypress/runner/cypress_runner.js:165351:31)\n    at Promise._settlePromise (http://localhost:65231/__cypress/runner/cypress_runner.js:165408:18)\n    at Promise._settlePromise0 (http://localhost:65231/__cypress/runner/cypress_runner.js:165453:10)\n    at Promise._settlePromises (http://localhost:65231/__cypress/runner/cypress_runner.js:165528:18)\n    at Async../node_modules/bluebird/js/release/async.js.Async._drainQueue (http://localhost:65231/__cypress/runner/cypress_runner.js:162140:16)\n    at Async../node_modules/bluebird/js/release/async.js.Async._drainQueues (http://localhost:65231/__cypress/runner/cypress_runner.js:162150:10)\n    at Async.drainQueues (http://localhost:65231/__cypress/runner/cypress_runner.js:162024:14)",
                "diff": null
              },
              "uuid": "2b830f60-9db5-49bf-96b6-02bbbf9a5c47",
              "parentUUID": "b957c170-8d72-4349-8fcf-3e7efd26dd2b",
              "isHook": false,
              "skipped": false
            },
            {
              "title": "Verifica se o texto do botão é 'Limpar'",
              "fullTitle": "9 - Crie um botão que, ao ser clicado, limpa o quadro preenchendo a cor de todos seus pixels com branco Verifica se o texto do botão é 'Limpar'",
              "timedOut": null,
              "duration": 4734,
              "state": "failed",
              "speed": null,
              "pass": false,
              "fail": true,
              "pending": false,
              "context": null,
              "code": "cy.get('#clear-board').should('contain.text', 'Limpar');",
              "err": {
                "message": "CypressError: Timed out retrying: Expected to find element: '#clear-board', but never found it.",
                "estack": "CypressError: Timed out retrying: Expected to find element: '#clear-board', but never found it.\n    at cypressErr (http://localhost:65231/__cypress/runner/cypress_runner.js:149934:9)\n    at throwErr (http://localhost:65231/__cypress/runner/cypress_runner.js:149867:11)\n    at Object.throwErrByPath (http://localhost:65231/__cypress/runner/cypress_runner.js:149915:3)\n    at retry (http://localhost:65231/__cypress/runner/cypress_runner.js:144197:19)\n    at onFailFn (http://localhost:65231/__cypress/runner/cypress_runner.js:132448:16)\n    at tryCatcher (http://localhost:65231/__cypress/runner/cypress_runner.js:167415:23)\n    at Promise._settlePromiseFromHandler (http://localhost:65231/__cypress/runner/cypress_runner.js:165351:31)\n    at Promise._settlePromise (http://localhost:65231/__cypress/runner/cypress_runner.js:165408:18)\n    at Promise._settlePromise0 (http://localhost:65231/__cypress/runner/cypress_runner.js:165453:10)\n    at Promise._settlePromises (http://localhost:65231/__cypress/runner/cypress_runner.js:165528:18)\n    at Async../node_modules/bluebird/js/release/async.js.Async._drainQueue (http://localhost:65231/__cypress/runner/cypress_runner.js:162140:16)\n    at Async../node_modules/bluebird/js/release/async.js.Async._drainQueues (http://localhost:65231/__cypress/runner/cypress_runner.js:162150:10)\n    at Async.drainQueues (http://localhost:65231/__cypress/runner/cypress_runner.js:162024:14)",
                "diff": null
              },
              "uuid": "5c35f7e9-4a38-4568-8e87-c089e22fd4df",
              "parentUUID": "b957c170-8d72-4349-8fcf-3e7efd26dd2b",
              "isHook": false,
              "skipped": false
            },
            {
              "title": "Verifica se ao clicar no botão, o quadro de pixels é totalmente preenchido de branco",
              "fullTitle": "9 - Crie um botão que, ao ser clicado, limpa o quadro preenchendo a cor de todos seus pixels com branco Verifica se ao clicar no botão, o quadro de pixels é totalmente preenchido de branco",
              "timedOut": null,
              "duration": 4891,
              "state": "failed",
              "speed": null,
              "pass": false,
              "fail": true,
              "pending": false,
              "context": null,
              "code": "cy.get('.color').eq(1).then(function (color) {\n  var backgroundColor = color.css('background-color');\n  cy.wrap(color).click();\n  cy.get('.pixel').each(function (pixel) {\n    cy.wrap(pixel).click().should('have.css', 'background-color', backgroundColor);\n  });\n});\ncy.get('#clear-board').click();\ncy.get('.pixel').each(function (pixel) {\n  cy.wrap(pixel).should('have.css', 'background-color', WHITE);\n});",
              "err": {
                "message": "CypressError: Timed out retrying: expected '<div.pixel.color.red>' to have CSS property 'background-color' with the value 'rgb(255, 0, 0)', but the value was 'rgb(255, 255, 255)'",
                "estack": "CypressError: Timed out retrying: expected '<div.pixel.color.red>' to have CSS property 'background-color' with the value 'rgb(255, 0, 0)', but the value was 'rgb(255, 255, 255)'\n    at cypressErr (http://localhost:65231/__cypress/runner/cypress_runner.js:149934:9)\n    at throwErr (http://localhost:65231/__cypress/runner/cypress_runner.js:149867:11)\n    at Object.throwErrByPath (http://localhost:65231/__cypress/runner/cypress_runner.js:149915:3)\n    at retry (http://localhost:65231/__cypress/runner/cypress_runner.js:144197:19)\n    at onFailFn (http://localhost:65231/__cypress/runner/cypress_runner.js:132448:16)\n    at tryCatcher (http://localhost:65231/__cypress/runner/cypress_runner.js:167415:23)\n    at Promise._settlePromiseFromHandler (http://localhost:65231/__cypress/runner/cypress_runner.js:165351:31)\n    at Promise._settlePromise (http://localhost:65231/__cypress/runner/cypress_runner.js:165408:18)\n    at Promise._settlePromise0 (http://localhost:65231/__cypress/runner/cypress_runner.js:165453:10)\n    at Promise._settlePromises (http://localhost:65231/__cypress/runner/cypress_runner.js:165528:18)\n    at Async../node_modules/bluebird/js/release/async.js.Async._drainQueue (http://localhost:65231/__cypress/runner/cypress_runner.js:162140:16)\n    at Async../node_modules/bluebird/js/release/async.js.Async._drainQueues (http://localhost:65231/__cypress/runner/cypress_runner.js:162150:10)\n    at Async.drainQueues (http://localhost:65231/__cypress/runner/cypress_runner.js:162024:14)",
                "diff": null
              },
              "uuid": "5414d053-48e8-4961-b71b-5b89bd2ed3f5",
              "parentUUID": "b957c170-8d72-4349-8fcf-3e7efd26dd2b",
              "isHook": false,
              "skipped": false
            }
          ],
          "suites": [],
          "passes": [],
          "failures": [
            "6e5bd64a-1884-4848-a9fa-d5d4316036db",
            "2b830f60-9db5-49bf-96b6-02bbbf9a5c47",
            "5c35f7e9-4a38-4568-8e87-c089e22fd4df",
            "5414d053-48e8-4961-b71b-5b89bd2ed3f5"
          ],
          "pending": [],
          "skipped": [],
          "duration": 19060,
          "root": false,
          "rootEmpty": false,
          "_timeout": 2000
        },
        {
          "uuid": "f337659c-1d25-4d64-a50d-be653abc50d0",
          "title": "10 - Crie um input que permita à pessoa usuária preencher um novo tamanho para o quadro de pixels",
          "fullFile": "",
          "file": "",
          "beforeHooks": [],
          "afterHooks": [],
          "tests": [
            {
              "title": "Verifica se existe um input com o id `board-size`",
              "fullTitle": "10 - Crie um input que permita à pessoa usuária preencher um novo tamanho para o quadro de pixels Verifica se existe um input com o id `board-size`",
              "timedOut": null,
              "duration": 4901,
              "state": "failed",
              "speed": null,
              "pass": false,
              "fail": true,
              "pending": false,
              "context": null,
              "code": "cy.get('#board-size').should('be.visible');",
              "err": {
                "message": "CypressError: Timed out retrying: Expected to find element: '#board-size', but never found it.",
                "estack": "CypressError: Timed out retrying: Expected to find element: '#board-size', but never found it.\n    at cypressErr (http://localhost:65231/__cypress/runner/cypress_runner.js:149934:9)\n    at throwErr (http://localhost:65231/__cypress/runner/cypress_runner.js:149867:11)\n    at Object.throwErrByPath (http://localhost:65231/__cypress/runner/cypress_runner.js:149915:3)\n    at retry (http://localhost:65231/__cypress/runner/cypress_runner.js:144197:19)\n    at onFailFn (http://localhost:65231/__cypress/runner/cypress_runner.js:132448:16)\n    at tryCatcher (http://localhost:65231/__cypress/runner/cypress_runner.js:167415:23)\n    at Promise._settlePromiseFromHandler (http://localhost:65231/__cypress/runner/cypress_runner.js:165351:31)\n    at Promise._settlePromise (http://localhost:65231/__cypress/runner/cypress_runner.js:165408:18)\n    at Promise._settlePromise0 (http://localhost:65231/__cypress/runner/cypress_runner.js:165453:10)\n    at Promise._settlePromises (http://localhost:65231/__cypress/runner/cypress_runner.js:165528:18)\n    at Async../node_modules/bluebird/js/release/async.js.Async._drainQueue (http://localhost:65231/__cypress/runner/cypress_runner.js:162140:16)\n    at Async../node_modules/bluebird/js/release/async.js.Async._drainQueues (http://localhost:65231/__cypress/runner/cypress_runner.js:162150:10)\n    at Async.drainQueues (http://localhost:65231/__cypress/runner/cypress_runner.js:162024:14)",
                "diff": null
              },
              "uuid": "81f6f741-6478-4510-bb35-d278b9002679",
              "parentUUID": "f337659c-1d25-4d64-a50d-be653abc50d0",
              "isHook": false,
              "skipped": false
            },
            {
              "title": "Verifica se existe um botão com o id `generate-board`",
              "fullTitle": "10 - Crie um input que permita à pessoa usuária preencher um novo tamanho para o quadro de pixels Verifica se existe um botão com o id `generate-board`",
              "timedOut": null,
              "duration": 4843,
              "state": "failed",
              "speed": null,
              "pass": false,
              "fail": true,
              "pending": false,
              "context": null,
              "code": "cy.get('#generate-board').should('be.visible');",
              "err": {
                "message": "CypressError: Timed out retrying: Expected to find element: '#generate-board', but never found it.",
                "estack": "CypressError: Timed out retrying: Expected to find element: '#generate-board', but never found it.\n    at cypressErr (http://localhost:65231/__cypress/runner/cypress_runner.js:149934:9)\n    at throwErr (http://localhost:65231/__cypress/runner/cypress_runner.js:149867:11)\n    at Object.throwErrByPath (http://localhost:65231/__cypress/runner/cypress_runner.js:149915:3)\n    at retry (http://localhost:65231/__cypress/runner/cypress_runner.js:144197:19)\n    at onFailFn (http://localhost:65231/__cypress/runner/cypress_runner.js:132448:16)\n    at tryCatcher (http://localhost:65231/__cypress/runner/cypress_runner.js:167415:23)\n    at Promise._settlePromiseFromHandler (http://localhost:65231/__cypress/runner/cypress_runner.js:165351:31)\n    at Promise._settlePromise (http://localhost:65231/__cypress/runner/cypress_runner.js:165408:18)\n    at Promise._settlePromise0 (http://localhost:65231/__cypress/runner/cypress_runner.js:165453:10)\n    at Promise._settlePromises (http://localhost:65231/__cypress/runner/cypress_runner.js:165528:18)\n    at Async../node_modules/bluebird/js/release/async.js.Async._drainQueue (http://localhost:65231/__cypress/runner/cypress_runner.js:162140:16)\n    at Async../node_modules/bluebird/js/release/async.js.Async._drainQueues (http://localhost:65231/__cypress/runner/cypress_runner.js:162150:10)\n    at Async.drainQueues (http://localhost:65231/__cypress/runner/cypress_runner.js:162024:14)",
                "diff": null
              },
              "uuid": "fff1c169-2778-405a-8476-6d46f8dd8d31",
              "parentUUID": "f337659c-1d25-4d64-a50d-be653abc50d0",
              "isHook": false,
              "skipped": false
            },
            {
              "title": "Verifica se o input só aceita número maiores que zero. Essa restrição deve ser feita usando os atributos do elemento `input`",
              "fullTitle": "10 - Crie um input que permita à pessoa usuária preencher um novo tamanho para o quadro de pixels Verifica se o input só aceita número maiores que zero. Essa restrição deve ser feita usando os atributos do elemento `input`",
              "timedOut": null,
              "duration": 4836,
              "state": "failed",
              "speed": null,
              "pass": false,
              "fail": true,
              "pending": false,
              "context": null,
              "code": "cy.get('#board-size[type=\\'number\\'][min=\\'1\\']');",
              "err": {
                "message": "CypressError: Timed out retrying: Expected to find element: '#board-size[type='number'][min='1']', but never found it.",
                "estack": "CypressError: Timed out retrying: Expected to find element: '#board-size[type='number'][min='1']', but never found it.\n    at cypressErr (http://localhost:65231/__cypress/runner/cypress_runner.js:149934:9)\n    at throwErr (http://localhost:65231/__cypress/runner/cypress_runner.js:149867:11)\n    at Object.throwErrByPath (http://localhost:65231/__cypress/runner/cypress_runner.js:149915:3)\n    at retry (http://localhost:65231/__cypress/runner/cypress_runner.js:144197:19)\n    at onFailFn (http://localhost:65231/__cypress/runner/cypress_runner.js:132448:16)\n    at tryCatcher (http://localhost:65231/__cypress/runner/cypress_runner.js:167415:23)\n    at Promise._settlePromiseFromHandler (http://localhost:65231/__cypress/runner/cypress_runner.js:165351:31)\n    at Promise._settlePromise (http://localhost:65231/__cypress/runner/cypress_runner.js:165408:18)\n    at Promise._settlePromise0 (http://localhost:65231/__cypress/runner/cypress_runner.js:165453:10)\n    at Promise._settlePromises (http://localhost:65231/__cypress/runner/cypress_runner.js:165528:18)\n    at Async../node_modules/bluebird/js/release/async.js.Async._drainQueue (http://localhost:65231/__cypress/runner/cypress_runner.js:162140:16)\n    at Async../node_modules/bluebird/js/release/async.js.Async._drainQueues (http://localhost:65231/__cypress/runner/cypress_runner.js:162150:10)\n    at Async.drainQueues (http://localhost:65231/__cypress/runner/cypress_runner.js:162024:14)",
                "diff": null
              },
              "uuid": "4556fe7d-62e7-4df3-b0d6-a6474aa243d3",
              "parentUUID": "f337659c-1d25-4d64-a50d-be653abc50d0",
              "isHook": false,
              "skipped": false
            },
            {
              "title": "Verifica se o botão contém o texto 'VQV'",
              "fullTitle": "10 - Crie um input que permita à pessoa usuária preencher um novo tamanho para o quadro de pixels Verifica se o botão contém o texto 'VQV'",
              "timedOut": null,
              "duration": 5070,
              "state": "failed",
              "speed": null,
              "pass": false,
              "fail": true,
              "pending": false,
              "context": null,
              "code": "cy.get('#generate-board').contains(/vqv/i);",
              "err": {
                "message": "CypressError: Timed out retrying: Expected to find element: '#generate-board', but never found it.",
                "estack": "CypressError: Timed out retrying: Expected to find element: '#generate-board', but never found it.\n    at cypressErr (http://localhost:65231/__cypress/runner/cypress_runner.js:149934:9)\n    at throwErr (http://localhost:65231/__cypress/runner/cypress_runner.js:149867:11)\n    at Object.throwErrByPath (http://localhost:65231/__cypress/runner/cypress_runner.js:149915:3)\n    at retry (http://localhost:65231/__cypress/runner/cypress_runner.js:144197:19)\n    at onFailFn (http://localhost:65231/__cypress/runner/cypress_runner.js:132448:16)\n    at tryCatcher (http://localhost:65231/__cypress/runner/cypress_runner.js:167415:23)\n    at Promise._settlePromiseFromHandler (http://localhost:65231/__cypress/runner/cypress_runner.js:165351:31)\n    at Promise._settlePromise (http://localhost:65231/__cypress/runner/cypress_runner.js:165408:18)\n    at Promise._settlePromise0 (http://localhost:65231/__cypress/runner/cypress_runner.js:165453:10)\n    at Promise._settlePromises (http://localhost:65231/__cypress/runner/cypress_runner.js:165528:18)\n    at Async../node_modules/bluebird/js/release/async.js.Async._drainQueue (http://localhost:65231/__cypress/runner/cypress_runner.js:162140:16)\n    at Async../node_modules/bluebird/js/release/async.js.Async._drainQueues (http://localhost:65231/__cypress/runner/cypress_runner.js:162150:10)\n    at Async.drainQueues (http://localhost:65231/__cypress/runner/cypress_runner.js:162024:14)",
                "diff": null
              },
              "uuid": "6a13d4c5-5c40-484d-af99-e3e99d795ed8",
              "parentUUID": "f337659c-1d25-4d64-a50d-be653abc50d0",
              "isHook": false,
              "skipped": false
            },
            {
              "title": "Verifica se o input está posicionado entre a paleta de cores e o quadro de pixels",
              "fullTitle": "10 - Crie um input que permita à pessoa usuária preencher um novo tamanho para o quadro de pixels Verifica se o input está posicionado entre a paleta de cores e o quadro de pixels",
              "timedOut": null,
              "duration": 5072,
              "state": "failed",
              "speed": null,
              "pass": false,
              "fail": true,
              "pending": false,
              "context": null,
              "code": "cy.get('#color-palette').then(function (palette) {\n  cy.get('#board-size').should('be.belowOf', palette);\n});\ncy.get('#board-size').then(function (palette) {\n  cy.get('#pixel-board').should('be.belowOf', palette);\n});",
              "err": {
                "message": "CypressError: Timed out retrying: Expected to find element: '#color-palette', but never found it.",
                "estack": "CypressError: Timed out retrying: Expected to find element: '#color-palette', but never found it.\n    at cypressErr (http://localhost:65231/__cypress/runner/cypress_runner.js:149934:9)\n    at throwErr (http://localhost:65231/__cypress/runner/cypress_runner.js:149867:11)\n    at Object.throwErrByPath (http://localhost:65231/__cypress/runner/cypress_runner.js:149915:3)\n    at retry (http://localhost:65231/__cypress/runner/cypress_runner.js:144197:19)\n    at onFailFn (http://localhost:65231/__cypress/runner/cypress_runner.js:132448:16)\n    at tryCatcher (http://localhost:65231/__cypress/runner/cypress_runner.js:167415:23)\n    at Promise._settlePromiseFromHandler (http://localhost:65231/__cypress/runner/cypress_runner.js:165351:31)\n    at Promise._settlePromise (http://localhost:65231/__cypress/runner/cypress_runner.js:165408:18)\n    at Promise._settlePromise0 (http://localhost:65231/__cypress/runner/cypress_runner.js:165453:10)\n    at Promise._settlePromises (http://localhost:65231/__cypress/runner/cypress_runner.js:165528:18)\n    at Async../node_modules/bluebird/js/release/async.js.Async._drainQueue (http://localhost:65231/__cypress/runner/cypress_runner.js:162140:16)\n    at Async../node_modules/bluebird/js/release/async.js.Async._drainQueues (http://localhost:65231/__cypress/runner/cypress_runner.js:162150:10)\n    at Async.drainQueues (http://localhost:65231/__cypress/runner/cypress_runner.js:162024:14)",
                "diff": null
              },
              "uuid": "58765031-6d1e-4c83-a01d-19441026e499",
              "parentUUID": "f337659c-1d25-4d64-a50d-be653abc50d0",
              "isHook": false,
              "skipped": false
            },
            {
              "title": "Verifica se o botão está posicionado ao lado do input",
              "fullTitle": "10 - Crie um input que permita à pessoa usuária preencher um novo tamanho para o quadro de pixels Verifica se o botão está posicionado ao lado do input",
              "timedOut": null,
              "duration": 4762,
              "state": "failed",
              "speed": null,
              "pass": false,
              "fail": true,
              "pending": false,
              "context": null,
              "code": "cy.get('#board-size').then(function (board) {\n  cy.get('#generate-board').should('be.onTheRightOf', board);\n});",
              "err": {
                "message": "CypressError: Timed out retrying: Expected to find element: '#board-size', but never found it.",
                "estack": "CypressError: Timed out retrying: Expected to find element: '#board-size', but never found it.\n    at cypressErr (http://localhost:65231/__cypress/runner/cypress_runner.js:149934:9)\n    at throwErr (http://localhost:65231/__cypress/runner/cypress_runner.js:149867:11)\n    at Object.throwErrByPath (http://localhost:65231/__cypress/runner/cypress_runner.js:149915:3)\n    at retry (http://localhost:65231/__cypress/runner/cypress_runner.js:144197:19)\n    at onFailFn (http://localhost:65231/__cypress/runner/cypress_runner.js:132448:16)\n    at tryCatcher (http://localhost:65231/__cypress/runner/cypress_runner.js:167415:23)\n    at Promise._settlePromiseFromHandler (http://localhost:65231/__cypress/runner/cypress_runner.js:165351:31)\n    at Promise._settlePromise (http://localhost:65231/__cypress/runner/cypress_runner.js:165408:18)\n    at Promise._settlePromise0 (http://localhost:65231/__cypress/runner/cypress_runner.js:165453:10)\n    at Promise._settlePromises (http://localhost:65231/__cypress/runner/cypress_runner.js:165528:18)\n    at Async../node_modules/bluebird/js/release/async.js.Async._drainQueue (http://localhost:65231/__cypress/runner/cypress_runner.js:162140:16)\n    at Async../node_modules/bluebird/js/release/async.js.Async._drainQueues (http://localhost:65231/__cypress/runner/cypress_runner.js:162150:10)\n    at Async.drainQueues (http://localhost:65231/__cypress/runner/cypress_runner.js:162024:14)",
                "diff": null
              },
              "uuid": "6176db94-ef68-41e4-850f-93220f38d404",
              "parentUUID": "f337659c-1d25-4d64-a50d-be653abc50d0",
              "isHook": false,
              "skipped": false
            },
            {
              "title": "Verifica se nenhum valor for colocado no input ao clicar no botão, um `alert` é exibido com o texto: 'Board inválido!'",
              "fullTitle": "10 - Crie um input que permita à pessoa usuária preencher um novo tamanho para o quadro de pixels Verifica se nenhum valor for colocado no input ao clicar no botão, um `alert` é exibido com o texto: 'Board inválido!'",
              "timedOut": null,
              "duration": 4813,
              "state": "failed",
              "speed": null,
              "pass": false,
              "fail": true,
              "pending": false,
              "context": null,
              "code": "var alerted = false;\ncy.on('window:alert', function (msg) {\n  return alerted = msg;\n});\ncy.get('#generate-board').click().then(function () {\n  return expect(alerted).to.match(/Board inválido!/i);\n});",
              "err": {
                "message": "CypressError: Timed out retrying: Expected to find element: '#generate-board', but never found it.",
                "estack": "CypressError: Timed out retrying: Expected to find element: '#generate-board', but never found it.\n    at cypressErr (http://localhost:65231/__cypress/runner/cypress_runner.js:149934:9)\n    at throwErr (http://localhost:65231/__cypress/runner/cypress_runner.js:149867:11)\n    at Object.throwErrByPath (http://localhost:65231/__cypress/runner/cypress_runner.js:149915:3)\n    at retry (http://localhost:65231/__cypress/runner/cypress_runner.js:144197:19)\n    at onFailFn (http://localhost:65231/__cypress/runner/cypress_runner.js:132448:16)\n    at tryCatcher (http://localhost:65231/__cypress/runner/cypress_runner.js:167415:23)\n    at Promise._settlePromiseFromHandler (http://localhost:65231/__cypress/runner/cypress_runner.js:165351:31)\n    at Promise._settlePromise (http://localhost:65231/__cypress/runner/cypress_runner.js:165408:18)\n    at Promise._settlePromise0 (http://localhost:65231/__cypress/runner/cypress_runner.js:165453:10)\n    at Promise._settlePromises (http://localhost:65231/__cypress/runner/cypress_runner.js:165528:18)\n    at Async../node_modules/bluebird/js/release/async.js.Async._drainQueue (http://localhost:65231/__cypress/runner/cypress_runner.js:162140:16)\n    at Async../node_modules/bluebird/js/release/async.js.Async._drainQueues (http://localhost:65231/__cypress/runner/cypress_runner.js:162150:10)\n    at Async.drainQueues (http://localhost:65231/__cypress/runner/cypress_runner.js:162024:14)",
                "diff": null
              },
              "uuid": "ddc9a61c-9232-4a79-a6c9-48c11e827fa2",
              "parentUUID": "f337659c-1d25-4d64-a50d-be653abc50d0",
              "isHook": false,
              "skipped": false
            },
            {
              "title": "Verifica se ao clicar no botão com um valor preenchido, o tamanho do board muda.",
              "fullTitle": "10 - Crie um input que permita à pessoa usuária preencher um novo tamanho para o quadro de pixels Verifica se ao clicar no botão com um valor preenchido, o tamanho do board muda.",
              "timedOut": null,
              "duration": 4724,
              "state": "failed",
              "speed": null,
              "pass": false,
              "fail": true,
              "pending": false,
              "context": null,
              "code": "cy.get('#board-size').clear().type(10);\ncy.get('#generate-board').click();\ncy.get('.pixel').should('have.length', 100);",
              "err": {
                "message": "CypressError: Timed out retrying: Expected to find element: '#board-size', but never found it.",
                "estack": "CypressError: Timed out retrying: Expected to find element: '#board-size', but never found it.\n    at cypressErr (http://localhost:65231/__cypress/runner/cypress_runner.js:149934:9)\n    at throwErr (http://localhost:65231/__cypress/runner/cypress_runner.js:149867:11)\n    at Object.throwErrByPath (http://localhost:65231/__cypress/runner/cypress_runner.js:149915:3)\n    at retry (http://localhost:65231/__cypress/runner/cypress_runner.js:144197:19)\n    at onFailFn (http://localhost:65231/__cypress/runner/cypress_runner.js:132448:16)\n    at tryCatcher (http://localhost:65231/__cypress/runner/cypress_runner.js:167415:23)\n    at Promise._settlePromiseFromHandler (http://localhost:65231/__cypress/runner/cypress_runner.js:165351:31)\n    at Promise._settlePromise (http://localhost:65231/__cypress/runner/cypress_runner.js:165408:18)\n    at Promise._settlePromise0 (http://localhost:65231/__cypress/runner/cypress_runner.js:165453:10)\n    at Promise._settlePromises (http://localhost:65231/__cypress/runner/cypress_runner.js:165528:18)\n    at Async../node_modules/bluebird/js/release/async.js.Async._drainQueue (http://localhost:65231/__cypress/runner/cypress_runner.js:162140:16)\n    at Async../node_modules/bluebird/js/release/async.js.Async._drainQueues (http://localhost:65231/__cypress/runner/cypress_runner.js:162150:10)\n    at Async.drainQueues (http://localhost:65231/__cypress/runner/cypress_runner.js:162024:14)",
                "diff": null
              },
              "uuid": "e7c9be7d-5c31-4722-aa07-e54a61156f80",
              "parentUUID": "f337659c-1d25-4d64-a50d-be653abc50d0",
              "isHook": false,
              "skipped": false
            },
            {
              "title": "Verifica se o novo quadro tem todos os pixels preenchidos com a cor branca",
              "fullTitle": "10 - Crie um input que permita à pessoa usuária preencher um novo tamanho para o quadro de pixels Verifica se o novo quadro tem todos os pixels preenchidos com a cor branca",
              "timedOut": null,
              "duration": 4769,
              "state": "failed",
              "speed": null,
              "pass": false,
              "fail": true,
              "pending": false,
              "context": null,
              "code": "cy.get('#board-size').clear().type(6);\ncy.get('#generate-board').click();\ncy.get('.pixel').should('have.length', 36).each(function (pixel) {\n  expect(pixel).to.have.css('background-color', WHITE);\n});",
              "err": {
                "message": "CypressError: Timed out retrying: Expected to find element: '#board-size', but never found it.",
                "estack": "CypressError: Timed out retrying: Expected to find element: '#board-size', but never found it.\n    at cypressErr (http://localhost:65231/__cypress/runner/cypress_runner.js:149934:9)\n    at throwErr (http://localhost:65231/__cypress/runner/cypress_runner.js:149867:11)\n    at Object.throwErrByPath (http://localhost:65231/__cypress/runner/cypress_runner.js:149915:3)\n    at retry (http://localhost:65231/__cypress/runner/cypress_runner.js:144197:19)\n    at onFailFn (http://localhost:65231/__cypress/runner/cypress_runner.js:132448:16)\n    at tryCatcher (http://localhost:65231/__cypress/runner/cypress_runner.js:167415:23)\n    at Promise._settlePromiseFromHandler (http://localhost:65231/__cypress/runner/cypress_runner.js:165351:31)\n    at Promise._settlePromise (http://localhost:65231/__cypress/runner/cypress_runner.js:165408:18)\n    at Promise._settlePromise0 (http://localhost:65231/__cypress/runner/cypress_runner.js:165453:10)\n    at Promise._settlePromises (http://localhost:65231/__cypress/runner/cypress_runner.js:165528:18)\n    at Async../node_modules/bluebird/js/release/async.js.Async._drainQueue (http://localhost:65231/__cypress/runner/cypress_runner.js:162140:16)\n    at Async../node_modules/bluebird/js/release/async.js.Async._drainQueues (http://localhost:65231/__cypress/runner/cypress_runner.js:162150:10)\n    at Async.drainQueues (http://localhost:65231/__cypress/runner/cypress_runner.js:162024:14)",
                "diff": null
              },
              "uuid": "328e4fed-d56c-489b-9dfc-549b79d97bab",
              "parentUUID": "f337659c-1d25-4d64-a50d-be653abc50d0",
              "isHook": false,
              "skipped": false
            }
          ],
          "suites": [],
          "passes": [],
          "failures": [
            "81f6f741-6478-4510-bb35-d278b9002679",
            "fff1c169-2778-405a-8476-6d46f8dd8d31",
            "4556fe7d-62e7-4df3-b0d6-a6474aa243d3",
            "6a13d4c5-5c40-484d-af99-e3e99d795ed8",
            "58765031-6d1e-4c83-a01d-19441026e499",
            "6176db94-ef68-41e4-850f-93220f38d404",
            "ddc9a61c-9232-4a79-a6c9-48c11e827fa2",
            "e7c9be7d-5c31-4722-aa07-e54a61156f80",
            "328e4fed-d56c-489b-9dfc-549b79d97bab"
          ],
          "pending": [],
          "skipped": [],
          "duration": 43790,
          "root": false,
          "rootEmpty": false,
          "_timeout": 2000
        },
        {
          "uuid": "35b2c03f-00c5-449d-9345-b13171b21069",
          "title": "11 - Crie uma função que limite o tamanho mínimo e máximo do quadro de pixels",
          "fullFile": "",
          "file": "",
          "beforeHooks": [],
          "afterHooks": [],
          "tests": [
            {
              "title": "Verifica se a altura máxima do board é 50",
              "fullTitle": "11 - Crie uma função que limite o tamanho mínimo e máximo do quadro de pixels Verifica se a altura máxima do board é 50",
              "timedOut": null,
              "duration": 4905,
              "state": "failed",
              "speed": null,
              "pass": false,
              "fail": true,
              "pending": false,
              "context": null,
              "code": "cy.get('#board-size').clear().type(50);\ncy.get('#generate-board').click();\ncy.get('.pixel').should('have.length', 2500);",
              "err": {
                "message": "CypressError: Timed out retrying: Expected to find element: '#board-size', but never found it.",
                "estack": "CypressError: Timed out retrying: Expected to find element: '#board-size', but never found it.\n    at cypressErr (http://localhost:65231/__cypress/runner/cypress_runner.js:149934:9)\n    at throwErr (http://localhost:65231/__cypress/runner/cypress_runner.js:149867:11)\n    at Object.throwErrByPath (http://localhost:65231/__cypress/runner/cypress_runner.js:149915:3)\n    at retry (http://localhost:65231/__cypress/runner/cypress_runner.js:144197:19)\n    at onFailFn (http://localhost:65231/__cypress/runner/cypress_runner.js:132448:16)\n    at tryCatcher (http://localhost:65231/__cypress/runner/cypress_runner.js:167415:23)\n    at Promise._settlePromiseFromHandler (http://localhost:65231/__cypress/runner/cypress_runner.js:165351:31)\n    at Promise._settlePromise (http://localhost:65231/__cypress/runner/cypress_runner.js:165408:18)\n    at Promise._settlePromise0 (http://localhost:65231/__cypress/runner/cypress_runner.js:165453:10)\n    at Promise._settlePromises (http://localhost:65231/__cypress/runner/cypress_runner.js:165528:18)\n    at Async../node_modules/bluebird/js/release/async.js.Async._drainQueue (http://localhost:65231/__cypress/runner/cypress_runner.js:162140:16)\n    at Async../node_modules/bluebird/js/release/async.js.Async._drainQueues (http://localhost:65231/__cypress/runner/cypress_runner.js:162150:10)\n    at Async.drainQueues (http://localhost:65231/__cypress/runner/cypress_runner.js:162024:14)",
                "diff": null
              },
              "uuid": "cd9d6f80-7058-421e-bf91-72c66089656d",
              "parentUUID": "35b2c03f-00c5-449d-9345-b13171b21069",
              "isHook": false,
              "skipped": false
            },
            {
              "title": "Verifica se a altura do board é 5 quando um valor menor é colocado no input",
              "fullTitle": "11 - Crie uma função que limite o tamanho mínimo e máximo do quadro de pixels Verifica se a altura do board é 5 quando um valor menor é colocado no input",
              "timedOut": null,
              "duration": 4771,
              "state": "failed",
              "speed": null,
              "pass": false,
              "fail": true,
              "pending": false,
              "context": null,
              "code": "cy.get('#board-size').clear().type(4);\ncy.get('#generate-board').click();\ncy.get('.pixel').should('have.length', 25);",
              "err": {
                "message": "CypressError: Timed out retrying: Expected to find element: '#board-size', but never found it.",
                "estack": "CypressError: Timed out retrying: Expected to find element: '#board-size', but never found it.\n    at cypressErr (http://localhost:65231/__cypress/runner/cypress_runner.js:149934:9)\n    at throwErr (http://localhost:65231/__cypress/runner/cypress_runner.js:149867:11)\n    at Object.throwErrByPath (http://localhost:65231/__cypress/runner/cypress_runner.js:149915:3)\n    at retry (http://localhost:65231/__cypress/runner/cypress_runner.js:144197:19)\n    at onFailFn (http://localhost:65231/__cypress/runner/cypress_runner.js:132448:16)\n    at tryCatcher (http://localhost:65231/__cypress/runner/cypress_runner.js:167415:23)\n    at Promise._settlePromiseFromHandler (http://localhost:65231/__cypress/runner/cypress_runner.js:165351:31)\n    at Promise._settlePromise (http://localhost:65231/__cypress/runner/cypress_runner.js:165408:18)\n    at Promise._settlePromise0 (http://localhost:65231/__cypress/runner/cypress_runner.js:165453:10)\n    at Promise._settlePromises (http://localhost:65231/__cypress/runner/cypress_runner.js:165528:18)\n    at Async../node_modules/bluebird/js/release/async.js.Async._drainQueue (http://localhost:65231/__cypress/runner/cypress_runner.js:162140:16)\n    at Async../node_modules/bluebird/js/release/async.js.Async._drainQueues (http://localhost:65231/__cypress/runner/cypress_runner.js:162150:10)\n    at Async.drainQueues (http://localhost:65231/__cypress/runner/cypress_runner.js:162024:14)",
                "diff": null
              },
              "uuid": "a7908633-66cf-4ee3-8954-e879dc642377",
              "parentUUID": "35b2c03f-00c5-449d-9345-b13171b21069",
              "isHook": false,
              "skipped": false
            },
            {
              "title": "Verifica se a altura do board é 50 quando um valor maior é colocado no input",
              "fullTitle": "11 - Crie uma função que limite o tamanho mínimo e máximo do quadro de pixels Verifica se a altura do board é 50 quando um valor maior é colocado no input",
              "timedOut": null,
              "duration": 4803,
              "state": "failed",
              "speed": null,
              "pass": false,
              "fail": true,
              "pending": false,
              "context": null,
              "code": "cy.get('#board-size').clear().type(51);\ncy.get('#generate-board').click();\ncy.get('.pixel').should('have.length', 2500);",
              "err": {
                "message": "CypressError: Timed out retrying: Expected to find element: '#board-size', but never found it.",
                "estack": "CypressError: Timed out retrying: Expected to find element: '#board-size', but never found it.\n    at cypressErr (http://localhost:65231/__cypress/runner/cypress_runner.js:149934:9)\n    at throwErr (http://localhost:65231/__cypress/runner/cypress_runner.js:149867:11)\n    at Object.throwErrByPath (http://localhost:65231/__cypress/runner/cypress_runner.js:149915:3)\n    at retry (http://localhost:65231/__cypress/runner/cypress_runner.js:144197:19)\n    at onFailFn (http://localhost:65231/__cypress/runner/cypress_runner.js:132448:16)\n    at tryCatcher (http://localhost:65231/__cypress/runner/cypress_runner.js:167415:23)\n    at Promise._settlePromiseFromHandler (http://localhost:65231/__cypress/runner/cypress_runner.js:165351:31)\n    at Promise._settlePromise (http://localhost:65231/__cypress/runner/cypress_runner.js:165408:18)\n    at Promise._settlePromise0 (http://localhost:65231/__cypress/runner/cypress_runner.js:165453:10)\n    at Promise._settlePromises (http://localhost:65231/__cypress/runner/cypress_runner.js:165528:18)\n    at Async../node_modules/bluebird/js/release/async.js.Async._drainQueue (http://localhost:65231/__cypress/runner/cypress_runner.js:162140:16)\n    at Async../node_modules/bluebird/js/release/async.js.Async._drainQueues (http://localhost:65231/__cypress/runner/cypress_runner.js:162150:10)\n    at Async.drainQueues (http://localhost:65231/__cypress/runner/cypress_runner.js:162024:14)",
                "diff": null
              },
              "uuid": "b08d5a90-3fcc-42e2-b2e2-decd1db92525",
              "parentUUID": "35b2c03f-00c5-449d-9345-b13171b21069",
              "isHook": false,
              "skipped": false
            }
          ],
          "suites": [],
          "passes": [],
          "failures": [
            "cd9d6f80-7058-421e-bf91-72c66089656d",
            "a7908633-66cf-4ee3-8954-e879dc642377",
            "b08d5a90-3fcc-42e2-b2e2-decd1db92525"
          ],
          "pending": [],
          "skipped": [],
          "duration": 14479,
          "root": false,
          "rootEmpty": false,
          "_timeout": 2000
        },
        {
          "uuid": "5b5e14aa-baec-44be-bb4a-2000bbd00e2a",
          "title": "12 - Crie uma função para gerar as cores aleatoriamente ao carregar a página, com exceção da cor preta",
          "fullFile": "",
          "file": "",
          "beforeHooks": [],
          "afterHooks": [],
          "tests": [
            {
              "title": "Verifica se as cores geradas na paleta são diferentes a cada carregamento da página",
              "fullTitle": "12 - Crie uma função para gerar as cores aleatoriamente ao carregar a página, com exceção da cor preta Verifica se as cores geradas na paleta são diferentes a cada carregamento da página",
              "timedOut": null,
              "duration": 1056,
              "state": "failed",
              "speed": null,
              "pass": false,
              "fail": true,
              "pending": false,
              "context": null,
              "code": "cy.get('.color').then(function (colors) {\n  var currentColors;\n  var previousColors;\n  previousColors = Array.from(colors).map(function (color) {\n    return Cypress.$(color).css('background-color');\n  });\n  for (var i = 0; i < 5; i += 1) {\n    cy.reload();\n    cy.get('.color').then(function (colors) {\n      currentColors = Array.from(colors).map(function (color) {\n        return Cypress.$(color).css('background-color');\n      });\n      expect(currentColors).not.to.deep.equal(previousColors);\n      previousColors = currentColors;\n    });\n  }\n});",
              "err": {
                "message": "AssertionError: expected [ Array(4) ] to not deeply equal [ Array(4) ]",
                "estack": "AssertionError: expected [ Array(4) ] to not deeply equal [ Array(4) ]\n    at getRet (http://localhost:65231/__cypress/runner/cypress_runner.js:136585:16)\n    at tryCatcher (http://localhost:65231/__cypress/runner/cypress_runner.js:167415:23)\n    at Function.Promise.attempt.Promise.try (http://localhost:65231/__cypress/runner/cypress_runner.js:164690:29)\n    at Context.thenFn (http://localhost:65231/__cypress/runner/cypress_runner.js:136599:23)\n    at Context.then (http://localhost:65231/__cypress/runner/cypress_runner.js:136971:21)\n    at Context.<anonymous> (http://localhost:65231/__cypress/runner/cypress_runner.js:148875:21)\n    at http://localhost:65231/__cypress/runner/cypress_runner.js:148351:33\n    at tryCatcher (http://localhost:65231/__cypress/runner/cypress_runner.js:167415:23)\n    at Promise._settlePromiseFromHandler (http://localhost:65231/__cypress/runner/cypress_runner.js:165351:31)\n    at Promise._settlePromise (http://localhost:65231/__cypress/runner/cypress_runner.js:165408:18)\n    at Promise._settlePromiseCtx (http://localhost:65231/__cypress/runner/cypress_runner.js:165445:10)\n    at Async../node_modules/bluebird/js/release/async.js.Async._drainQueue (http://localhost:65231/__cypress/runner/cypress_runner.js:162145:12)\n    at Async../node_modules/bluebird/js/release/async.js.Async._drainQueues (http://localhost:65231/__cypress/runner/cypress_runner.js:162150:10)\n    at Async.drainQueues (http://localhost:65231/__cypress/runner/cypress_runner.js:162024:14)",
                "diff": ""
              },
              "uuid": "4a432ae9-480b-4e6f-8d82-3781f8d5411b",
              "parentUUID": "5b5e14aa-baec-44be-bb4a-2000bbd00e2a",
              "isHook": false,
              "skipped": false
            },
            {
              "title": "Verifica se a cor preta ainda está presente e é a primeira na sua paleta de cores",
              "fullTitle": "12 - Crie uma função para gerar as cores aleatoriamente ao carregar a página, com exceção da cor preta Verifica se a cor preta ainda está presente e é a primeira na sua paleta de cores",
              "timedOut": null,
              "duration": 941,
              "state": "failed",
              "speed": null,
              "pass": false,
              "fail": true,
              "pending": false,
              "context": null,
              "code": "cy.get('.color').then(function (colors) {\n  var currentColors;\n  var previousColors;\n  previousColors = Array.from(colors).map(function (color) {\n    return Cypress.$(color).css('background-color');\n  });\n  expect(previousColors[0]).to.eq(BLACK);\n  for (var i = 0; i < 5; i += 1) {\n    cy.reload();\n    cy.get('.color').then(function (colors) {\n      currentColors = Array.from(colors).map(function (color) {\n        return Cypress.$(color).css('background-color');\n      });\n      expect(currentColors[0]).to.eq(BLACK);\n      expect(currentColors).not.to.deep.equal(previousColors);\n      previousColors = currentColors;\n    });\n  }\n});",
              "err": {
                "message": "AssertionError: expected [ Array(4) ] to not deeply equal [ Array(4) ]",
                "estack": "AssertionError: expected [ Array(4) ] to not deeply equal [ Array(4) ]\n    at getRet (http://localhost:65231/__cypress/runner/cypress_runner.js:136585:16)\n    at tryCatcher (http://localhost:65231/__cypress/runner/cypress_runner.js:167415:23)\n    at Function.Promise.attempt.Promise.try (http://localhost:65231/__cypress/runner/cypress_runner.js:164690:29)\n    at Context.thenFn (http://localhost:65231/__cypress/runner/cypress_runner.js:136599:23)\n    at Context.then (http://localhost:65231/__cypress/runner/cypress_runner.js:136971:21)\n    at Context.<anonymous> (http://localhost:65231/__cypress/runner/cypress_runner.js:148875:21)\n    at http://localhost:65231/__cypress/runner/cypress_runner.js:148351:33\n    at tryCatcher (http://localhost:65231/__cypress/runner/cypress_runner.js:167415:23)\n    at Promise._settlePromiseFromHandler (http://localhost:65231/__cypress/runner/cypress_runner.js:165351:31)\n    at Promise._settlePromise (http://localhost:65231/__cypress/runner/cypress_runner.js:165408:18)\n    at Promise._settlePromiseCtx (http://localhost:65231/__cypress/runner/cypress_runner.js:165445:10)\n    at Async../node_modules/bluebird/js/release/async.js.Async._drainQueue (http://localhost:65231/__cypress/runner/cypress_runner.js:162145:12)\n    at Async../node_modules/bluebird/js/release/async.js.Async._drainQueues (http://localhost:65231/__cypress/runner/cypress_runner.js:162150:10)\n    at Async.drainQueues (http://localhost:65231/__cypress/runner/cypress_runner.js:162024:14)",
                "diff": ""
              },
              "uuid": "7635d038-39b1-49b2-8eb4-74873e39a6a0",
              "parentUUID": "5b5e14aa-baec-44be-bb4a-2000bbd00e2a",
              "isHook": false,
              "skipped": false
            }
          ],
          "suites": [],
          "passes": [],
          "failures": [
            "4a432ae9-480b-4e6f-8d82-3781f8d5411b",
            "7635d038-39b1-49b2-8eb4-74873e39a6a0"
          ],
          "pending": [],
          "skipped": [],
          "duration": 1997,
          "root": false,
          "rootEmpty": false,
          "_timeout": 2000
        }
      ],
      "passes": [],
      "failures": [],
      "pending": [],
      "skipped": [],
      "duration": 0,
      "root": true,
      "rootEmpty": true,
      "_timeout": 2000
    }
  ],
  "meta": {
    "mocha": {
      "version": "7.0.1"
    },
    "mochawesome": {
      "options": {
        "quiet": false,
        "reportFilename": "mochawesome",
        "saveHtml": false,
        "saveJson": true,
        "consoleReporter": "spec",
        "useInlineDiffs": false
      },
      "version": "4.1.0"
    },
    "marge": {
      "options": {
        "id": "default",
        "reportDir": "cypress/reports",
        "overwrite": true,
        "html": false,
        "json": true
      },
      "version": "4.1.0"
    }
  }
}