{
  "stats": {
    "suites": 12,
    "tests": 41,
    "passes": 20,
    "pending": 0,
    "failures": 21,
    "start": "2022-08-03T14:28:56.551Z",
    "end": "2022-08-03T14:31:02.858Z",
    "duration": 126307,
    "testsRegistered": 41,
    "passPercent": 48.78048780487805,
    "pendingPercent": 0,
    "other": 0,
    "hasOther": false,
    "skipped": 0,
    "hasSkipped": false
  },
  "results": [
    {
      "uuid": "6c5dc04e-d33a-47d4-92f1-9e4647e3ca76",
      "title": "",
      "fullFile": "cypress/integration/project.spec.js",
      "file": "cypress/integration/project.spec.js",
      "beforeHooks": [],
      "afterHooks": [],
      "tests": [],
      "suites": [
        {
          "uuid": "df0dbc3d-6d13-41ed-b0f2-e8f34b0dc2f3",
          "title": "1 - Adicione à página o título \"Paleta de Cores\"",
          "fullFile": "",
          "file": "",
          "beforeHooks": [],
          "afterHooks": [],
          "tests": [
            {
              "title": "Verifica se contém um elemento `h1` com o id `title` com o título correto",
              "fullTitle": "1 - Adicione à página o título \"Paleta de Cores\" Verifica se contém um elemento `h1` com o id `title` com o título correto",
              "timedOut": null,
              "duration": 686,
              "state": "passed",
              "speed": "slow",
              "pass": true,
              "fail": false,
              "pending": false,
              "context": null,
              "code": "cy.get('h1#title').should('contain.text', 'Paleta de Cores');",
              "err": {},
              "uuid": "a97184c8-b33f-496e-919a-1c480c14b5dd",
              "parentUUID": "df0dbc3d-6d13-41ed-b0f2-e8f34b0dc2f3",
              "isHook": false,
              "skipped": false
            }
          ],
          "suites": [],
          "passes": [
            "a97184c8-b33f-496e-919a-1c480c14b5dd"
          ],
          "failures": [],
          "pending": [],
          "skipped": [],
          "duration": 686,
          "root": false,
          "rootEmpty": false,
          "_timeout": 2000
        },
        {
          "uuid": "24ebd31e-a403-4f1d-89da-b898a7ca7d27",
          "title": "2 - Adicione à página uma paleta contendo quatro cores distintas",
          "fullFile": "",
          "file": "",
          "beforeHooks": [],
          "afterHooks": [],
          "tests": [
            {
              "title": "A paleta de cores deve ser um elemento com `id` denominado `color-palette` e ter mais de 0px de altura e de largura.",
              "fullTitle": "2 - Adicione à página uma paleta contendo quatro cores distintas A paleta de cores deve ser um elemento com `id` denominado `color-palette` e ter mais de 0px de altura e de largura.",
              "timedOut": null,
              "duration": 4798,
              "state": "failed",
              "speed": null,
              "pass": false,
              "fail": true,
              "pending": false,
              "context": null,
              "code": "cy.get('#color-palette').should('be.visible');\ncy.get('#color-palette').children('.color');",
              "err": {
                "message": "CypressError: Timed out retrying: Expected to find element: '#color-palette', but never found it.",
                "estack": "CypressError: Timed out retrying: Expected to find element: '#color-palette', but never found it.\n    at cypressErr (http://localhost:55541/__cypress/runner/cypress_runner.js:149934:9)\n    at throwErr (http://localhost:55541/__cypress/runner/cypress_runner.js:149867:11)\n    at Object.throwErrByPath (http://localhost:55541/__cypress/runner/cypress_runner.js:149915:3)\n    at retry (http://localhost:55541/__cypress/runner/cypress_runner.js:144197:19)\n    at onFailFn (http://localhost:55541/__cypress/runner/cypress_runner.js:132448:16)\n    at tryCatcher (http://localhost:55541/__cypress/runner/cypress_runner.js:167415:23)\n    at Promise._settlePromiseFromHandler (http://localhost:55541/__cypress/runner/cypress_runner.js:165351:31)\n    at Promise._settlePromise (http://localhost:55541/__cypress/runner/cypress_runner.js:165408:18)\n    at Promise._settlePromise0 (http://localhost:55541/__cypress/runner/cypress_runner.js:165453:10)\n    at Promise._settlePromises (http://localhost:55541/__cypress/runner/cypress_runner.js:165528:18)\n    at Async../node_modules/bluebird/js/release/async.js.Async._drainQueue (http://localhost:55541/__cypress/runner/cypress_runner.js:162140:16)\n    at Async../node_modules/bluebird/js/release/async.js.Async._drainQueues (http://localhost:55541/__cypress/runner/cypress_runner.js:162150:10)\n    at Async.drainQueues (http://localhost:55541/__cypress/runner/cypress_runner.js:162024:14)",
                "diff": null
              },
              "uuid": "9abd596e-52e3-46cc-ad1e-049f84a7e340",
              "parentUUID": "24ebd31e-a403-4f1d-89da-b898a7ca7d27",
              "isHook": false,
              "skipped": false
            },
            {
              "title": "Verifica se cada cor individual da paleta de cores possui a `classe` chamada `color`.",
              "fullTitle": "2 - Adicione à página uma paleta contendo quatro cores distintas Verifica se cada cor individual da paleta de cores possui a `classe` chamada `color`.",
              "timedOut": null,
              "duration": 556,
              "state": "passed",
              "speed": "slow",
              "pass": true,
              "fail": false,
              "pending": false,
              "context": null,
              "code": "cy.get('.color').should('have.length', 4).then(function (colors) {\n  for (var i = 0; i < colors.length; i++) {\n    cy.wrap(colors[i]).should('be.visible');\n  }\n});",
              "err": {},
              "uuid": "f431e4f9-6753-4fd3-a263-77cfc3099727",
              "parentUUID": "24ebd31e-a403-4f1d-89da-b898a7ca7d27",
              "isHook": false,
              "skipped": false
            },
            {
              "title": "Verifica se a cor de fundo de cada elemento da paleta é a cor que o elemento representa. **A única cor não permitida na paleta é a cor branca.**",
              "fullTitle": "2 - Adicione à página uma paleta contendo quatro cores distintas Verifica se a cor de fundo de cada elemento da paleta é a cor que o elemento representa. **A única cor não permitida na paleta é a cor branca.**",
              "timedOut": null,
              "duration": 753,
              "state": "passed",
              "speed": "slow",
              "pass": true,
              "fail": false,
              "pending": false,
              "context": null,
              "code": "cy.get('.color').each(function (color) {\n  cy.wrap(color).should('have.class', 'color').and('not.have.css', 'background-color', WHITE);\n  cy.wrap(color).should('have.css', 'background-color');\n});",
              "err": {},
              "uuid": "20b85c1f-2bd4-4ca6-93ca-18f801ebd55e",
              "parentUUID": "24ebd31e-a403-4f1d-89da-b898a7ca7d27",
              "isHook": false,
              "skipped": false
            },
            {
              "title": "Verifica se cada elemento da paleta de cores tem uma borda preta, sólida e com 1 pixel de largura;",
              "fullTitle": "2 - Adicione à página uma paleta contendo quatro cores distintas Verifica se cada elemento da paleta de cores tem uma borda preta, sólida e com 1 pixel de largura;",
              "timedOut": null,
              "duration": 533,
              "state": "passed",
              "speed": "slow",
              "pass": true,
              "fail": false,
              "pending": false,
              "context": null,
              "code": "cy.get('.color').each(function (color) {\n  cy.wrap(color).and('have.css', 'border', \"1px solid \".concat(BLACK)).and('have.class', 'color');\n});",
              "err": {},
              "uuid": "cbe45926-0030-4674-a9c2-ce2ccc601f9d",
              "parentUUID": "24ebd31e-a403-4f1d-89da-b898a7ca7d27",
              "isHook": false,
              "skipped": false
            },
            {
              "title": "Verifica se a paleta lista todas as cores disponíveis para utilização, lado a lado.",
              "fullTitle": "2 - Adicione à página uma paleta contendo quatro cores distintas Verifica se a paleta lista todas as cores disponíveis para utilização, lado a lado.",
              "timedOut": null,
              "duration": 250,
              "state": "passed",
              "speed": "slow",
              "pass": true,
              "fail": false,
              "pending": false,
              "context": null,
              "code": "cy.get('.color').then(function (colors) {\n  for (var index = 1; index < colors.length; index += 1) {\n    var currentColor = colors[index];\n    var previousColor = colors[index - 1];\n    cy.wrap(currentColor).should('be.onTheRightOf', previousColor).and('be.horizontallyAlignedWith', previousColor);\n  }\n});",
              "err": {},
              "uuid": "1876b71d-9ca0-4afc-9eb4-cf98a26636eb",
              "parentUUID": "24ebd31e-a403-4f1d-89da-b898a7ca7d27",
              "isHook": false,
              "skipped": false
            },
            {
              "title": "Verifica se a paleta de cores está posicionada abaixo do título 'Paleta de Cores'",
              "fullTitle": "2 - Adicione à página uma paleta contendo quatro cores distintas Verifica se a paleta de cores está posicionada abaixo do título 'Paleta de Cores'",
              "timedOut": null,
              "duration": 4731,
              "state": "failed",
              "speed": null,
              "pass": false,
              "fail": true,
              "pending": false,
              "context": null,
              "code": "cy.get('h1#title').then(function (title) {\n  cy.get('#color-palette').should('be.belowOf', title);\n});",
              "err": {
                "message": "CypressError: Timed out retrying: Expected to find element: '#color-palette', but never found it.",
                "estack": "CypressError: Timed out retrying: Expected to find element: '#color-palette', but never found it.\n    at cypressErr (http://localhost:55541/__cypress/runner/cypress_runner.js:149934:9)\n    at throwErr (http://localhost:55541/__cypress/runner/cypress_runner.js:149867:11)\n    at Object.throwErrByPath (http://localhost:55541/__cypress/runner/cypress_runner.js:149915:3)\n    at retry (http://localhost:55541/__cypress/runner/cypress_runner.js:144197:19)\n    at onFailFn (http://localhost:55541/__cypress/runner/cypress_runner.js:132448:16)\n    at tryCatcher (http://localhost:55541/__cypress/runner/cypress_runner.js:167415:23)\n    at Promise._settlePromiseFromHandler (http://localhost:55541/__cypress/runner/cypress_runner.js:165351:31)\n    at Promise._settlePromise (http://localhost:55541/__cypress/runner/cypress_runner.js:165408:18)\n    at Promise._settlePromise0 (http://localhost:55541/__cypress/runner/cypress_runner.js:165453:10)\n    at Promise._settlePromises (http://localhost:55541/__cypress/runner/cypress_runner.js:165528:18)\n    at Async../node_modules/bluebird/js/release/async.js.Async._drainQueue (http://localhost:55541/__cypress/runner/cypress_runner.js:162140:16)\n    at Async../node_modules/bluebird/js/release/async.js.Async._drainQueues (http://localhost:55541/__cypress/runner/cypress_runner.js:162150:10)\n    at Async.drainQueues (http://localhost:55541/__cypress/runner/cypress_runner.js:162024:14)",
                "diff": null
              },
              "uuid": "84097bd7-b807-4711-895a-e1851f1dcd63",
              "parentUUID": "24ebd31e-a403-4f1d-89da-b898a7ca7d27",
              "isHook": false,
              "skipped": false
            },
            {
              "title": "Verifica se a paleta de cores não contém cores repetidas.",
              "fullTitle": "2 - Adicione à página uma paleta contendo quatro cores distintas Verifica se a paleta de cores não contém cores repetidas.",
              "timedOut": null,
              "duration": 420,
              "state": "passed",
              "speed": "slow",
              "pass": true,
              "fail": false,
              "pending": false,
              "context": null,
              "code": "cy.get('.color').then(function (colors) {\n  var allColors = Array.from(colors).map(function (color) {\n    return Cypress.$(color).css('background-color');\n  });\n  cy.log(allColors);\n  var uniqColors = (0, _toConsumableArray2[\"default\"])(new Set(allColors));\n  cy.log(uniqColors);\n  expect(allColors.length).to.eq(uniqColors.length);\n});",
              "err": {},
              "uuid": "72fbfee2-a859-4b3e-9026-f7a5a550e8ab",
              "parentUUID": "24ebd31e-a403-4f1d-89da-b898a7ca7d27",
              "isHook": false,
              "skipped": false
            }
          ],
          "suites": [],
          "passes": [
            "f431e4f9-6753-4fd3-a263-77cfc3099727",
            "20b85c1f-2bd4-4ca6-93ca-18f801ebd55e",
            "cbe45926-0030-4674-a9c2-ce2ccc601f9d",
            "1876b71d-9ca0-4afc-9eb4-cf98a26636eb",
            "72fbfee2-a859-4b3e-9026-f7a5a550e8ab"
          ],
          "failures": [
            "9abd596e-52e3-46cc-ad1e-049f84a7e340",
            "84097bd7-b807-4711-895a-e1851f1dcd63"
          ],
          "pending": [],
          "skipped": [],
          "duration": 12041,
          "root": false,
          "rootEmpty": false,
          "_timeout": 2000
        },
        {
          "uuid": "fdc4273b-78b0-41b7-99bd-8f0edb5916d1",
          "title": "3 - Adicione a cor **preta** como a primeira cor da paleta de cores",
          "fullFile": "",
          "file": "",
          "beforeHooks": [],
          "afterHooks": [],
          "tests": [
            {
              "title": "Verifica se a primeira cor da paleta é preta",
              "fullTitle": "3 - Adicione a cor **preta** como a primeira cor da paleta de cores Verifica se a primeira cor da paleta é preta",
              "timedOut": null,
              "duration": 166,
              "state": "passed",
              "speed": "slow",
              "pass": true,
              "fail": false,
              "pending": false,
              "context": null,
              "code": "cy.get('.color').first().should('have.css', 'background-color', BLACK);",
              "err": {},
              "uuid": "885270d6-dce0-4ab4-842e-0e73214c98f7",
              "parentUUID": "fdc4273b-78b0-41b7-99bd-8f0edb5916d1",
              "isHook": false,
              "skipped": false
            },
            {
              "title": "Verifica se as demais cores podem ser escolhidas livremente.",
              "fullTitle": "3 - Adicione a cor **preta** como a primeira cor da paleta de cores Verifica se as demais cores podem ser escolhidas livremente.",
              "timedOut": null,
              "duration": 305,
              "state": "passed",
              "speed": "slow",
              "pass": true,
              "fail": false,
              "pending": false,
              "context": null,
              "code": "cy.get('.color').eq(1).should('not.have.css', 'background-color', BLACK);\ncy.get('.color').eq(1).should('not.have.css', 'background-color', WHITE);\ncy.get('.color').eq(1).should('not.have.css', 'background-color', 'rgba(0, 0, 0, 0)');\ncy.get('.color').eq(1).should('have.css', 'background-color');\ncy.get('.color').eq(2).should('not.have.css', 'background-color', BLACK);\ncy.get('.color').eq(2).should('not.have.css', 'background-color', WHITE);\ncy.get('.color').eq(2).should('not.have.css', 'background-color', 'rgba(0, 0, 0, 0)');\ncy.get('.color').eq(2).should('have.css', 'background-color');\ncy.get('.color').eq(3).should('not.have.css', 'background-color', BLACK);\ncy.get('.color').eq(3).should('not.have.css', 'background-color', WHITE);\ncy.get('.color').eq(3).should('not.have.css', 'background-color', 'rgba(0, 0, 0, 0)');\ncy.get('.color').eq(3).should('have.css', 'background-color');",
              "err": {},
              "uuid": "f5d5cf0a-3512-42a0-9c71-b0567a654dd3",
              "parentUUID": "fdc4273b-78b0-41b7-99bd-8f0edb5916d1",
              "isHook": false,
              "skipped": false
            }
          ],
          "suites": [],
          "passes": [
            "885270d6-dce0-4ab4-842e-0e73214c98f7",
            "f5d5cf0a-3512-42a0-9c71-b0567a654dd3"
          ],
          "failures": [],
          "pending": [],
          "skipped": [],
          "duration": 471,
          "root": false,
          "rootEmpty": false,
          "_timeout": 2000
        },
        {
          "uuid": "ce0b0c08-4664-455a-903f-320cc2b71405",
          "title": "4 - Adicione à página um quadro contendo 25 pixels",
          "fullFile": "",
          "file": "",
          "beforeHooks": [],
          "afterHooks": [],
          "tests": [
            {
              "title": "Verifica se o quadro de pixels possui o `id` denominado `pixel-board`",
              "fullTitle": "4 - Adicione à página um quadro contendo 25 pixels Verifica se o quadro de pixels possui o `id` denominado `pixel-board`",
              "timedOut": null,
              "duration": 410,
              "state": "passed",
              "speed": "slow",
              "pass": true,
              "fail": false,
              "pending": false,
              "context": null,
              "code": "cy.get('#pixel-board').should('be.visible');",
              "err": {},
              "uuid": "05fccfdb-59ea-4066-a095-2974157fcc16",
              "parentUUID": "ce0b0c08-4664-455a-903f-320cc2b71405",
              "isHook": false,
              "skipped": false
            },
            {
              "title": "Verifica se cada pixel individual dentro do quadro possui a `classe` denominada `pixel`.",
              "fullTitle": "4 - Adicione à página um quadro contendo 25 pixels Verifica se cada pixel individual dentro do quadro possui a `classe` denominada `pixel`.",
              "timedOut": null,
              "duration": 297,
              "state": "passed",
              "speed": "slow",
              "pass": true,
              "fail": false,
              "pending": false,
              "context": null,
              "code": "cy.get('.pixel').should('have.length', 25);",
              "err": {},
              "uuid": "a4d3c456-6143-4bed-b704-e770fea4c099",
              "parentUUID": "ce0b0c08-4664-455a-903f-320cc2b71405",
              "isHook": false,
              "skipped": false
            },
            {
              "title": "Verifica se a cor inicial dos pixels dentro do quadro, ao abrir a página, é branca.",
              "fullTitle": "4 - Adicione à página um quadro contendo 25 pixels Verifica se a cor inicial dos pixels dentro do quadro, ao abrir a página, é branca.",
              "timedOut": null,
              "duration": 264,
              "state": "passed",
              "speed": "slow",
              "pass": true,
              "fail": false,
              "pending": false,
              "context": null,
              "code": "cy.get('.pixel').should('have.length', 25).each(function (pixel) {\n  expect(pixel).to.have.css('background-color', WHITE);\n});",
              "err": {},
              "uuid": "fd1120b9-b17a-4f63-8cf1-5cae28deb140",
              "parentUUID": "ce0b0c08-4664-455a-903f-320cc2b71405",
              "isHook": false,
              "skipped": false
            },
            {
              "title": "Verifica se o quadro de pixels aparece abaixo da paleta de cores",
              "fullTitle": "4 - Adicione à página um quadro contendo 25 pixels Verifica se o quadro de pixels aparece abaixo da paleta de cores",
              "timedOut": null,
              "duration": 4472,
              "state": "failed",
              "speed": null,
              "pass": false,
              "fail": true,
              "pending": false,
              "context": null,
              "code": "cy.get('#color-palette').then(function (palette) {\n  cy.get('#pixel-board').should('be.belowOf', palette);\n});",
              "err": {
                "message": "CypressError: Timed out retrying: Expected to find element: '#color-palette', but never found it.",
                "estack": "CypressError: Timed out retrying: Expected to find element: '#color-palette', but never found it.\n    at cypressErr (http://localhost:55541/__cypress/runner/cypress_runner.js:149934:9)\n    at throwErr (http://localhost:55541/__cypress/runner/cypress_runner.js:149867:11)\n    at Object.throwErrByPath (http://localhost:55541/__cypress/runner/cypress_runner.js:149915:3)\n    at retry (http://localhost:55541/__cypress/runner/cypress_runner.js:144197:19)\n    at onFailFn (http://localhost:55541/__cypress/runner/cypress_runner.js:132448:16)\n    at tryCatcher (http://localhost:55541/__cypress/runner/cypress_runner.js:167415:23)\n    at Promise._settlePromiseFromHandler (http://localhost:55541/__cypress/runner/cypress_runner.js:165351:31)\n    at Promise._settlePromise (http://localhost:55541/__cypress/runner/cypress_runner.js:165408:18)\n    at Promise._settlePromise0 (http://localhost:55541/__cypress/runner/cypress_runner.js:165453:10)\n    at Promise._settlePromises (http://localhost:55541/__cypress/runner/cypress_runner.js:165528:18)\n    at Async../node_modules/bluebird/js/release/async.js.Async._drainQueue (http://localhost:55541/__cypress/runner/cypress_runner.js:162140:16)\n    at Async../node_modules/bluebird/js/release/async.js.Async._drainQueues (http://localhost:55541/__cypress/runner/cypress_runner.js:162150:10)\n    at Async.drainQueues (http://localhost:55541/__cypress/runner/cypress_runner.js:162024:14)",
                "diff": null
              },
              "uuid": "3b06e6d4-7f9e-4211-bc80-d8c9e7e21231",
              "parentUUID": "ce0b0c08-4664-455a-903f-320cc2b71405",
              "isHook": false,
              "skipped": false
            }
          ],
          "suites": [],
          "passes": [
            "05fccfdb-59ea-4066-a095-2974157fcc16",
            "a4d3c456-6143-4bed-b704-e770fea4c099",
            "fd1120b9-b17a-4f63-8cf1-5cae28deb140"
          ],
          "failures": [
            "3b06e6d4-7f9e-4211-bc80-d8c9e7e21231"
          ],
          "pending": [],
          "skipped": [],
          "duration": 5443,
          "root": false,
          "rootEmpty": false,
          "_timeout": 2000
        },
        {
          "uuid": "41b1fd96-f616-42fc-bcb2-2acbf428898c",
          "title": "5 - Faça com que cada elemento do quadro de pixels possua 40 pixels de largura, 40 pixels de altura e seja delimitado por uma borda preta de 1 pixel",
          "fullFile": "",
          "file": "",
          "beforeHooks": [],
          "afterHooks": [],
          "tests": [
            {
              "title": "Verifica se o quadro de pixels tem altura e comprimento de 5 elementos",
              "fullTitle": "5 - Faça com que cada elemento do quadro de pixels possua 40 pixels de largura, 40 pixels de altura e seja delimitado por uma borda preta de 1 pixel Verifica se o quadro de pixels tem altura e comprimento de 5 elementos",
              "timedOut": null,
              "duration": 628,
              "state": "passed",
              "speed": "slow",
              "pass": true,
              "fail": false,
              "pending": false,
              "context": null,
              "code": "cy.get('.pixel').should('have.length', 25).each(function (pixel) {\n  expect(pixel).to.have.css('background-color', WHITE);\n}).and(function (pixels) {\n  var rows = chunk(pixels, 5);\n  rows.forEach(function (row) {\n    for (var index = 1; index < row.length; index += 1) {\n      var current = pixels[index];\n      var previous = pixels[index - 1];\n      cy.wrap(current).should('be.onTheRightOf', previous).and('be.horizontallyAlignedWith', previous);\n    }\n  });\n  for (var index = 1; index < 5; index += 1) {\n    expect(pixels[index * 5]).to.be.belowOf(pixels[(index - 1) * 5]);\n  }\n});",
              "err": {},
              "uuid": "f5e9490f-328e-48d5-b8db-6c6c4ef28352",
              "parentUUID": "41b1fd96-f616-42fc-bcb2-2acbf428898c",
              "isHook": false,
              "skipped": false
            },
            {
              "title": "Verifica se 40 pixels é o tamanho total do elemento, incluindo seu conteúdo e excluindo a borda preta, que deve ser criada à parte.",
              "fullTitle": "5 - Faça com que cada elemento do quadro de pixels possua 40 pixels de largura, 40 pixels de altura e seja delimitado por uma borda preta de 1 pixel Verifica se 40 pixels é o tamanho total do elemento, incluindo seu conteúdo e excluindo a borda preta, que deve ser criada à parte.",
              "timedOut": null,
              "duration": 589,
              "state": "passed",
              "speed": "slow",
              "pass": true,
              "fail": false,
              "pending": false,
              "context": null,
              "code": "cy.get('.pixel').each(function (pixel) {\n  cy.wrap(pixel).should('have.css', 'height', '40px').and('have.css', 'width', '40px').and('have.css', 'border', \"1px solid \".concat(BLACK));\n});",
              "err": {},
              "uuid": "5a41a10a-0625-4e11-b9fb-74d1118679a6",
              "parentUUID": "41b1fd96-f616-42fc-bcb2-2acbf428898c",
              "isHook": false,
              "skipped": false
            }
          ],
          "suites": [],
          "passes": [
            "f5e9490f-328e-48d5-b8db-6c6c4ef28352",
            "5a41a10a-0625-4e11-b9fb-74d1118679a6"
          ],
          "failures": [],
          "pending": [],
          "skipped": [],
          "duration": 1217,
          "root": false,
          "rootEmpty": false,
          "_timeout": 2000
        },
        {
          "uuid": "4bc9872d-c7de-4de2-9424-e62700a1c75b",
          "title": "6 - Defina a cor preta como cor inicial da paleta de cores. Ao carregar a página a cor preta já deve estar selecionada para pintar os pixels",
          "fullFile": "",
          "file": "",
          "beforeHooks": [],
          "afterHooks": [],
          "tests": [
            {
              "title": "Verifica se o elemento da cor preta possui, inicialmente, a `classe` `selected`",
              "fullTitle": "6 - Defina a cor preta como cor inicial da paleta de cores. Ao carregar a página a cor preta já deve estar selecionada para pintar os pixels Verifica se o elemento da cor preta possui, inicialmente, a `classe` `selected`",
              "timedOut": null,
              "duration": 273,
              "state": "passed",
              "speed": "slow",
              "pass": true,
              "fail": false,
              "pending": false,
              "context": null,
              "code": "cy.get('.selected').first().should('have.css', 'background-color', BLACK);",
              "err": {},
              "uuid": "c29daf5c-cb40-4d48-9e27-78a497f4b76e",
              "parentUUID": "4bc9872d-c7de-4de2-9424-e62700a1c75b",
              "isHook": false,
              "skipped": false
            },
            {
              "title": "Verifica se nenhuma outra cor da paleta tem a `classe` `selected`",
              "fullTitle": "6 - Defina a cor preta como cor inicial da paleta de cores. Ao carregar a página a cor preta já deve estar selecionada para pintar os pixels Verifica se nenhuma outra cor da paleta tem a `classe` `selected`",
              "timedOut": null,
              "duration": 290,
              "state": "passed",
              "speed": "slow",
              "pass": true,
              "fail": false,
              "pending": false,
              "context": null,
              "code": "cy.get('.color:not(:first-child)').each(function (color) {\n  cy.wrap(color).should('not.have.class', 'selected');\n});",
              "err": {},
              "uuid": "dea58f24-985f-41e6-87d6-5d3750142db8",
              "parentUUID": "4bc9872d-c7de-4de2-9424-e62700a1c75b",
              "isHook": false,
              "skipped": false
            }
          ],
          "suites": [],
          "passes": [
            "c29daf5c-cb40-4d48-9e27-78a497f4b76e",
            "dea58f24-985f-41e6-87d6-5d3750142db8"
          ],
          "failures": [],
          "pending": [],
          "skipped": [],
          "duration": 563,
          "root": false,
          "rootEmpty": false,
          "_timeout": 2000
        },
        {
          "uuid": "37021f09-9a73-4e87-8805-0f2fc7d3785f",
          "title": "7 - Crie uma função para selecionar uma cor na paleta de cores e preencher os pixels no quadro",
          "fullFile": "",
          "file": "",
          "beforeHooks": [],
          "afterHooks": [],
          "tests": [
            {
              "title": "Verifica se somente uma cor da paleta de cores tem a classe `selected` de cada vez",
              "fullTitle": "7 - Crie uma função para selecionar uma cor na paleta de cores e preencher os pixels no quadro Verifica se somente uma cor da paleta de cores tem a classe `selected` de cada vez",
              "timedOut": null,
              "duration": 576,
              "state": "passed",
              "speed": "slow",
              "pass": true,
              "fail": false,
              "pending": false,
              "context": null,
              "code": "cy.get('.color').each(function (selectedColor, selectedColorIndex) {\n  cy.wrap(selectedColor).click();\n  cy.get('.color').each(function (color, colorIndex) {\n    if (colorIndex === selectedColorIndex) {\n      expect(color).to.have[\"class\"]('selected');\n    } else {\n      expect(color).not.to.have[\"class\"]('selected');\n    }\n  });\n});",
              "err": {},
              "uuid": "c13215de-28c3-41d4-9893-f644419ac90e",
              "parentUUID": "37021f09-9a73-4e87-8805-0f2fc7d3785f",
              "isHook": false,
              "skipped": false
            },
            {
              "title": "Verifica se os pixels dentro do quadro não têm a classe `selected` quando são clicados",
              "fullTitle": "7 - Crie uma função para selecionar uma cor na paleta de cores e preencher os pixels no quadro Verifica se os pixels dentro do quadro não têm a classe `selected` quando são clicados",
              "timedOut": null,
              "duration": 8838,
              "state": "passed",
              "speed": "slow",
              "pass": true,
              "fail": false,
              "pending": false,
              "context": null,
              "code": "cy.get('.color').each(function (color) {\n  var backgroundColor = color.css('background-color');\n  cy.wrap(color).click();\n  cy.get('.pixel').each(function (pixel) {\n    cy.wrap(pixel).click().should('not.have.class', 'selected');\n  });\n});",
              "err": {},
              "uuid": "f3105072-099a-439c-b562-3daae56f6572",
              "parentUUID": "37021f09-9a73-4e87-8805-0f2fc7d3785f",
              "isHook": false,
              "skipped": false
            }
          ],
          "suites": [],
          "passes": [
            "c13215de-28c3-41d4-9893-f644419ac90e",
            "f3105072-099a-439c-b562-3daae56f6572"
          ],
          "failures": [],
          "pending": [],
          "skipped": [],
          "duration": 9414,
          "root": false,
          "rootEmpty": false,
          "_timeout": 2000
        },
        {
          "uuid": "20ad3c98-5227-4154-ae18-2af2514e7b3c",
          "title": "8 - Crie uma função que permita preencher um pixel do quadro com a cor selecionada na paleta de cores",
          "fullFile": "",
          "file": "",
          "beforeHooks": [],
          "afterHooks": [],
          "tests": [
            {
              "title": "Verifica se ao carregar a página deve ser possível pintar os pixels de preto",
              "fullTitle": "8 - Crie uma função que permita preencher um pixel do quadro com a cor selecionada na paleta de cores Verifica se ao carregar a página deve ser possível pintar os pixels de preto",
              "timedOut": null,
              "duration": 2314,
              "state": "passed",
              "speed": "slow",
              "pass": true,
              "fail": false,
              "pending": false,
              "context": null,
              "code": "cy.get('.pixel').each(function (pixel) {\n  cy.wrap(pixel).click().should('have.css', 'background-color', BLACK);\n});",
              "err": {},
              "uuid": "0d244973-8cd0-4c12-b3dc-8c09fc48c2bd",
              "parentUUID": "20ad3c98-5227-4154-ae18-2af2514e7b3c",
              "isHook": false,
              "skipped": false
            },
            {
              "title": "Verifica se após selecionar uma outra cor na paleta, é possível pintar os pixels com essa cor",
              "fullTitle": "8 - Crie uma função que permita preencher um pixel do quadro com a cor selecionada na paleta de cores Verifica se após selecionar uma outra cor na paleta, é possível pintar os pixels com essa cor",
              "timedOut": null,
              "duration": 9047,
              "state": "passed",
              "speed": "slow",
              "pass": true,
              "fail": false,
              "pending": false,
              "context": null,
              "code": "cy.get('.color').each(function (color) {\n  var backgroundColor = color.css('background-color');\n  cy.wrap(color).click();\n  cy.get('.pixel').each(function (pixel) {\n    cy.wrap(pixel).click().should('have.css', 'background-color', backgroundColor);\n  });\n});",
              "err": {},
              "uuid": "231ab199-9a53-472b-8934-b1202d028415",
              "parentUUID": "20ad3c98-5227-4154-ae18-2af2514e7b3c",
              "isHook": false,
              "skipped": false
            },
            {
              "title": "Verifica se somente o pixel que foi clicado foi preenchido com a cor selecionada, sem influenciar na cor dos demais pixels.",
              "fullTitle": "8 - Crie uma função que permita preencher um pixel do quadro com a cor selecionada na paleta de cores Verifica se somente o pixel que foi clicado foi preenchido com a cor selecionada, sem influenciar na cor dos demais pixels.",
              "timedOut": null,
              "duration": 1728,
              "state": "passed",
              "speed": "slow",
              "pass": true,
              "fail": false,
              "pending": false,
              "context": null,
              "code": "var colorToPixelIndexMap = {\n  0: 6,\n  1: 8,\n  2: 16,\n  3: 18\n};\ncy.get('.color').each(function (color, index) {\n  cy.wrap(color).click();\n  var backgroundColor = color.css('background-color');\n  var clickedPixelIndex = colorToPixelIndexMap[index];\n  cy.get('.pixel').eq(clickedPixelIndex).click();\n  cy.get('.pixel').eq(clickedPixelIndex - 1).should('not.have.css', 'background-color', backgroundColor);\n  cy.get('.pixel').eq(clickedPixelIndex + 1).should('not.have.css', 'background-color', backgroundColor);\n  cy.get('.pixel').eq(clickedPixelIndex - 5).should('not.have.css', 'background-color', backgroundColor);\n  cy.get('.pixel').eq(clickedPixelIndex + 5).should('not.have.css', 'background-color', backgroundColor);\n  cy.get('.pixel').eq(clickedPixelIndex - 6).should('not.have.css', 'background-color', backgroundColor);\n  cy.get('.pixel').eq(clickedPixelIndex - 4).should('not.have.css', 'background-color', backgroundColor);\n  cy.get('.pixel').eq(clickedPixelIndex + 4).should('not.have.css', 'background-color', backgroundColor);\n  cy.get('.pixel').eq(clickedPixelIndex + 6).should('not.have.css', 'background-color', backgroundColor);\n});",
              "err": {},
              "uuid": "8737c50a-3f3d-4286-bf67-c7d1a7ffc72e",
              "parentUUID": "20ad3c98-5227-4154-ae18-2af2514e7b3c",
              "isHook": false,
              "skipped": false
            }
          ],
          "suites": [],
          "passes": [
            "0d244973-8cd0-4c12-b3dc-8c09fc48c2bd",
            "231ab199-9a53-472b-8934-b1202d028415",
            "8737c50a-3f3d-4286-bf67-c7d1a7ffc72e"
          ],
          "failures": [],
          "pending": [],
          "skipped": [],
          "duration": 13089,
          "root": false,
          "rootEmpty": false,
          "_timeout": 2000
        },
        {
          "uuid": "98d5ee8d-b2a1-4e84-97ea-030c4723c70c",
          "title": "9 - Crie um botão que, ao ser clicado, limpa o quadro preenchendo a cor de todos seus pixels com branco",
          "fullFile": "",
          "file": "",
          "beforeHooks": [],
          "afterHooks": [],
          "tests": [
            {
              "title": "Verifica se o botão tem o `id` denominado `clear-board`",
              "fullTitle": "9 - Crie um botão que, ao ser clicado, limpa o quadro preenchendo a cor de todos seus pixels com branco Verifica se o botão tem o `id` denominado `clear-board`",
              "timedOut": null,
              "duration": 4646,
              "state": "failed",
              "speed": null,
              "pass": false,
              "fail": true,
              "pending": false,
              "context": null,
              "code": "cy.get('#clear-board').should('be.visible');",
              "err": {
                "message": "CypressError: Timed out retrying: Expected to find element: '#clear-board', but never found it.",
                "estack": "CypressError: Timed out retrying: Expected to find element: '#clear-board', but never found it.\n    at cypressErr (http://localhost:55541/__cypress/runner/cypress_runner.js:149934:9)\n    at throwErr (http://localhost:55541/__cypress/runner/cypress_runner.js:149867:11)\n    at Object.throwErrByPath (http://localhost:55541/__cypress/runner/cypress_runner.js:149915:3)\n    at retry (http://localhost:55541/__cypress/runner/cypress_runner.js:144197:19)\n    at onFailFn (http://localhost:55541/__cypress/runner/cypress_runner.js:132448:16)\n    at tryCatcher (http://localhost:55541/__cypress/runner/cypress_runner.js:167415:23)\n    at Promise._settlePromiseFromHandler (http://localhost:55541/__cypress/runner/cypress_runner.js:165351:31)\n    at Promise._settlePromise (http://localhost:55541/__cypress/runner/cypress_runner.js:165408:18)\n    at Promise._settlePromise0 (http://localhost:55541/__cypress/runner/cypress_runner.js:165453:10)\n    at Promise._settlePromises (http://localhost:55541/__cypress/runner/cypress_runner.js:165528:18)\n    at Async../node_modules/bluebird/js/release/async.js.Async._drainQueue (http://localhost:55541/__cypress/runner/cypress_runner.js:162140:16)\n    at Async../node_modules/bluebird/js/release/async.js.Async._drainQueues (http://localhost:55541/__cypress/runner/cypress_runner.js:162150:10)\n    at Async.drainQueues (http://localhost:55541/__cypress/runner/cypress_runner.js:162024:14)",
                "diff": null
              },
              "uuid": "c65be2a6-ea37-4bfe-95e4-72224dd38a26",
              "parentUUID": "98d5ee8d-b2a1-4e84-97ea-030c4723c70c",
              "isHook": false,
              "skipped": false
            },
            {
              "title": "Verifica se o botão está posicionado entre a paleta de cores e o quadro de pixels",
              "fullTitle": "9 - Crie um botão que, ao ser clicado, limpa o quadro preenchendo a cor de todos seus pixels com branco Verifica se o botão está posicionado entre a paleta de cores e o quadro de pixels",
              "timedOut": null,
              "duration": 4825,
              "state": "failed",
              "speed": null,
              "pass": false,
              "fail": true,
              "pending": false,
              "context": null,
              "code": "cy.get('#color-palette').then(function (palette) {\n  cy.get('#clear-board').should('be.belowOf', palette);\n});\ncy.get('#clear-board').then(function (clearBtn) {\n  cy.get('#pixel-board').should('be.belowOf', clearBtn);\n});",
              "err": {
                "message": "CypressError: Timed out retrying: Expected to find element: '#color-palette', but never found it.",
                "estack": "CypressError: Timed out retrying: Expected to find element: '#color-palette', but never found it.\n    at cypressErr (http://localhost:55541/__cypress/runner/cypress_runner.js:149934:9)\n    at throwErr (http://localhost:55541/__cypress/runner/cypress_runner.js:149867:11)\n    at Object.throwErrByPath (http://localhost:55541/__cypress/runner/cypress_runner.js:149915:3)\n    at retry (http://localhost:55541/__cypress/runner/cypress_runner.js:144197:19)\n    at onFailFn (http://localhost:55541/__cypress/runner/cypress_runner.js:132448:16)\n    at tryCatcher (http://localhost:55541/__cypress/runner/cypress_runner.js:167415:23)\n    at Promise._settlePromiseFromHandler (http://localhost:55541/__cypress/runner/cypress_runner.js:165351:31)\n    at Promise._settlePromise (http://localhost:55541/__cypress/runner/cypress_runner.js:165408:18)\n    at Promise._settlePromise0 (http://localhost:55541/__cypress/runner/cypress_runner.js:165453:10)\n    at Promise._settlePromises (http://localhost:55541/__cypress/runner/cypress_runner.js:165528:18)\n    at Async../node_modules/bluebird/js/release/async.js.Async._drainQueue (http://localhost:55541/__cypress/runner/cypress_runner.js:162140:16)\n    at Async../node_modules/bluebird/js/release/async.js.Async._drainQueues (http://localhost:55541/__cypress/runner/cypress_runner.js:162150:10)\n    at Async.drainQueues (http://localhost:55541/__cypress/runner/cypress_runner.js:162024:14)",
                "diff": null
              },
              "uuid": "af27ae65-562a-4775-afb8-349c59d67867",
              "parentUUID": "98d5ee8d-b2a1-4e84-97ea-030c4723c70c",
              "isHook": false,
              "skipped": false
            },
            {
              "title": "Verifica se o texto do botão é 'Limpar'",
              "fullTitle": "9 - Crie um botão que, ao ser clicado, limpa o quadro preenchendo a cor de todos seus pixels com branco Verifica se o texto do botão é 'Limpar'",
              "timedOut": null,
              "duration": 4736,
              "state": "failed",
              "speed": null,
              "pass": false,
              "fail": true,
              "pending": false,
              "context": null,
              "code": "cy.get('#clear-board').should('contain.text', 'Limpar');",
              "err": {
                "message": "CypressError: Timed out retrying: Expected to find element: '#clear-board', but never found it.",
                "estack": "CypressError: Timed out retrying: Expected to find element: '#clear-board', but never found it.\n    at cypressErr (http://localhost:55541/__cypress/runner/cypress_runner.js:149934:9)\n    at throwErr (http://localhost:55541/__cypress/runner/cypress_runner.js:149867:11)\n    at Object.throwErrByPath (http://localhost:55541/__cypress/runner/cypress_runner.js:149915:3)\n    at retry (http://localhost:55541/__cypress/runner/cypress_runner.js:144197:19)\n    at onFailFn (http://localhost:55541/__cypress/runner/cypress_runner.js:132448:16)\n    at tryCatcher (http://localhost:55541/__cypress/runner/cypress_runner.js:167415:23)\n    at Promise._settlePromiseFromHandler (http://localhost:55541/__cypress/runner/cypress_runner.js:165351:31)\n    at Promise._settlePromise (http://localhost:55541/__cypress/runner/cypress_runner.js:165408:18)\n    at Promise._settlePromise0 (http://localhost:55541/__cypress/runner/cypress_runner.js:165453:10)\n    at Promise._settlePromises (http://localhost:55541/__cypress/runner/cypress_runner.js:165528:18)\n    at Async../node_modules/bluebird/js/release/async.js.Async._drainQueue (http://localhost:55541/__cypress/runner/cypress_runner.js:162140:16)\n    at Async../node_modules/bluebird/js/release/async.js.Async._drainQueues (http://localhost:55541/__cypress/runner/cypress_runner.js:162150:10)\n    at Async.drainQueues (http://localhost:55541/__cypress/runner/cypress_runner.js:162024:14)",
                "diff": null
              },
              "uuid": "e1f15a79-1f99-4f27-a3d5-b0ea174a8395",
              "parentUUID": "98d5ee8d-b2a1-4e84-97ea-030c4723c70c",
              "isHook": false,
              "skipped": false
            },
            {
              "title": "Verifica se ao clicar no botão, o quadro de pixels é totalmente preenchido de branco",
              "fullTitle": "9 - Crie um botão que, ao ser clicado, limpa o quadro preenchendo a cor de todos seus pixels com branco Verifica se ao clicar no botão, o quadro de pixels é totalmente preenchido de branco",
              "timedOut": null,
              "duration": 6953,
              "state": "failed",
              "speed": null,
              "pass": false,
              "fail": true,
              "pending": false,
              "context": null,
              "code": "cy.get('.color').eq(1).then(function (color) {\n  var backgroundColor = color.css('background-color');\n  cy.wrap(color).click();\n  cy.get('.pixel').each(function (pixel) {\n    cy.wrap(pixel).click().should('have.css', 'background-color', backgroundColor);\n  });\n});\ncy.get('#clear-board').click();\ncy.get('.pixel').each(function (pixel) {\n  cy.wrap(pixel).should('have.css', 'background-color', WHITE);\n});",
              "err": {
                "message": "CypressError: Timed out retrying: Expected to find element: '#clear-board', but never found it.",
                "estack": "CypressError: Timed out retrying: Expected to find element: '#clear-board', but never found it.\n    at cypressErr (http://localhost:55541/__cypress/runner/cypress_runner.js:149934:9)\n    at throwErr (http://localhost:55541/__cypress/runner/cypress_runner.js:149867:11)\n    at Object.throwErrByPath (http://localhost:55541/__cypress/runner/cypress_runner.js:149915:3)\n    at retry (http://localhost:55541/__cypress/runner/cypress_runner.js:144197:19)\n    at onFailFn (http://localhost:55541/__cypress/runner/cypress_runner.js:132448:16)\n    at tryCatcher (http://localhost:55541/__cypress/runner/cypress_runner.js:167415:23)\n    at Promise._settlePromiseFromHandler (http://localhost:55541/__cypress/runner/cypress_runner.js:165351:31)\n    at Promise._settlePromise (http://localhost:55541/__cypress/runner/cypress_runner.js:165408:18)\n    at Promise._settlePromise0 (http://localhost:55541/__cypress/runner/cypress_runner.js:165453:10)\n    at Promise._settlePromises (http://localhost:55541/__cypress/runner/cypress_runner.js:165528:18)\n    at Async../node_modules/bluebird/js/release/async.js.Async._drainQueue (http://localhost:55541/__cypress/runner/cypress_runner.js:162140:16)\n    at Async../node_modules/bluebird/js/release/async.js.Async._drainQueues (http://localhost:55541/__cypress/runner/cypress_runner.js:162150:10)\n    at Async.drainQueues (http://localhost:55541/__cypress/runner/cypress_runner.js:162024:14)",
                "diff": null
              },
              "uuid": "4387526c-9186-403d-8e86-5e9a0632fc40",
              "parentUUID": "98d5ee8d-b2a1-4e84-97ea-030c4723c70c",
              "isHook": false,
              "skipped": false
            }
          ],
          "suites": [],
          "passes": [],
          "failures": [
            "c65be2a6-ea37-4bfe-95e4-72224dd38a26",
            "af27ae65-562a-4775-afb8-349c59d67867",
            "e1f15a79-1f99-4f27-a3d5-b0ea174a8395",
            "4387526c-9186-403d-8e86-5e9a0632fc40"
          ],
          "pending": [],
          "skipped": [],
          "duration": 21160,
          "root": false,
          "rootEmpty": false,
          "_timeout": 2000
        },
        {
          "uuid": "c3045902-32f2-4d84-80e6-18ae6b35ad6d",
          "title": "10 - Crie um input que permita à pessoa usuária preencher um novo tamanho para o quadro de pixels",
          "fullFile": "",
          "file": "",
          "beforeHooks": [],
          "afterHooks": [],
          "tests": [
            {
              "title": "Verifica se existe um input com o id `board-size`",
              "fullTitle": "10 - Crie um input que permita à pessoa usuária preencher um novo tamanho para o quadro de pixels Verifica se existe um input com o id `board-size`",
              "timedOut": null,
              "duration": 4892,
              "state": "failed",
              "speed": null,
              "pass": false,
              "fail": true,
              "pending": false,
              "context": null,
              "code": "cy.get('#board-size').should('be.visible');",
              "err": {
                "message": "CypressError: Timed out retrying: Expected to find element: '#board-size', but never found it.",
                "estack": "CypressError: Timed out retrying: Expected to find element: '#board-size', but never found it.\n    at cypressErr (http://localhost:55541/__cypress/runner/cypress_runner.js:149934:9)\n    at throwErr (http://localhost:55541/__cypress/runner/cypress_runner.js:149867:11)\n    at Object.throwErrByPath (http://localhost:55541/__cypress/runner/cypress_runner.js:149915:3)\n    at retry (http://localhost:55541/__cypress/runner/cypress_runner.js:144197:19)\n    at onFailFn (http://localhost:55541/__cypress/runner/cypress_runner.js:132448:16)\n    at tryCatcher (http://localhost:55541/__cypress/runner/cypress_runner.js:167415:23)\n    at Promise._settlePromiseFromHandler (http://localhost:55541/__cypress/runner/cypress_runner.js:165351:31)\n    at Promise._settlePromise (http://localhost:55541/__cypress/runner/cypress_runner.js:165408:18)\n    at Promise._settlePromise0 (http://localhost:55541/__cypress/runner/cypress_runner.js:165453:10)\n    at Promise._settlePromises (http://localhost:55541/__cypress/runner/cypress_runner.js:165528:18)\n    at Async../node_modules/bluebird/js/release/async.js.Async._drainQueue (http://localhost:55541/__cypress/runner/cypress_runner.js:162140:16)\n    at Async../node_modules/bluebird/js/release/async.js.Async._drainQueues (http://localhost:55541/__cypress/runner/cypress_runner.js:162150:10)\n    at Async.drainQueues (http://localhost:55541/__cypress/runner/cypress_runner.js:162024:14)",
                "diff": null
              },
              "uuid": "5502a046-0148-4e4f-ba57-d72d3e513b50",
              "parentUUID": "c3045902-32f2-4d84-80e6-18ae6b35ad6d",
              "isHook": false,
              "skipped": false
            },
            {
              "title": "Verifica se existe um botão com o id `generate-board`",
              "fullTitle": "10 - Crie um input que permita à pessoa usuária preencher um novo tamanho para o quadro de pixels Verifica se existe um botão com o id `generate-board`",
              "timedOut": null,
              "duration": 4821,
              "state": "failed",
              "speed": null,
              "pass": false,
              "fail": true,
              "pending": false,
              "context": null,
              "code": "cy.get('#generate-board').should('be.visible');",
              "err": {
                "message": "CypressError: Timed out retrying: Expected to find element: '#generate-board', but never found it.",
                "estack": "CypressError: Timed out retrying: Expected to find element: '#generate-board', but never found it.\n    at cypressErr (http://localhost:55541/__cypress/runner/cypress_runner.js:149934:9)\n    at throwErr (http://localhost:55541/__cypress/runner/cypress_runner.js:149867:11)\n    at Object.throwErrByPath (http://localhost:55541/__cypress/runner/cypress_runner.js:149915:3)\n    at retry (http://localhost:55541/__cypress/runner/cypress_runner.js:144197:19)\n    at onFailFn (http://localhost:55541/__cypress/runner/cypress_runner.js:132448:16)\n    at tryCatcher (http://localhost:55541/__cypress/runner/cypress_runner.js:167415:23)\n    at Promise._settlePromiseFromHandler (http://localhost:55541/__cypress/runner/cypress_runner.js:165351:31)\n    at Promise._settlePromise (http://localhost:55541/__cypress/runner/cypress_runner.js:165408:18)\n    at Promise._settlePromise0 (http://localhost:55541/__cypress/runner/cypress_runner.js:165453:10)\n    at Promise._settlePromises (http://localhost:55541/__cypress/runner/cypress_runner.js:165528:18)\n    at Async../node_modules/bluebird/js/release/async.js.Async._drainQueue (http://localhost:55541/__cypress/runner/cypress_runner.js:162140:16)\n    at Async../node_modules/bluebird/js/release/async.js.Async._drainQueues (http://localhost:55541/__cypress/runner/cypress_runner.js:162150:10)\n    at Async.drainQueues (http://localhost:55541/__cypress/runner/cypress_runner.js:162024:14)",
                "diff": null
              },
              "uuid": "bd6d32c9-1b05-4bea-949a-d33c6f3fb576",
              "parentUUID": "c3045902-32f2-4d84-80e6-18ae6b35ad6d",
              "isHook": false,
              "skipped": false
            },
            {
              "title": "Verifica se o input só aceita número maiores que zero. Essa restrição deve ser feita usando os atributos do elemento `input`",
              "fullTitle": "10 - Crie um input que permita à pessoa usuária preencher um novo tamanho para o quadro de pixels Verifica se o input só aceita número maiores que zero. Essa restrição deve ser feita usando os atributos do elemento `input`",
              "timedOut": null,
              "duration": 4842,
              "state": "failed",
              "speed": null,
              "pass": false,
              "fail": true,
              "pending": false,
              "context": null,
              "code": "cy.get('#board-size[type=\\'number\\'][min=\\'1\\']');",
              "err": {
                "message": "CypressError: Timed out retrying: Expected to find element: '#board-size[type='number'][min='1']', but never found it.",
                "estack": "CypressError: Timed out retrying: Expected to find element: '#board-size[type='number'][min='1']', but never found it.\n    at cypressErr (http://localhost:55541/__cypress/runner/cypress_runner.js:149934:9)\n    at throwErr (http://localhost:55541/__cypress/runner/cypress_runner.js:149867:11)\n    at Object.throwErrByPath (http://localhost:55541/__cypress/runner/cypress_runner.js:149915:3)\n    at retry (http://localhost:55541/__cypress/runner/cypress_runner.js:144197:19)\n    at onFailFn (http://localhost:55541/__cypress/runner/cypress_runner.js:132448:16)\n    at tryCatcher (http://localhost:55541/__cypress/runner/cypress_runner.js:167415:23)\n    at Promise._settlePromiseFromHandler (http://localhost:55541/__cypress/runner/cypress_runner.js:165351:31)\n    at Promise._settlePromise (http://localhost:55541/__cypress/runner/cypress_runner.js:165408:18)\n    at Promise._settlePromise0 (http://localhost:55541/__cypress/runner/cypress_runner.js:165453:10)\n    at Promise._settlePromises (http://localhost:55541/__cypress/runner/cypress_runner.js:165528:18)\n    at Async../node_modules/bluebird/js/release/async.js.Async._drainQueue (http://localhost:55541/__cypress/runner/cypress_runner.js:162140:16)\n    at Async../node_modules/bluebird/js/release/async.js.Async._drainQueues (http://localhost:55541/__cypress/runner/cypress_runner.js:162150:10)\n    at Async.drainQueues (http://localhost:55541/__cypress/runner/cypress_runner.js:162024:14)",
                "diff": null
              },
              "uuid": "71cec14c-e23a-4e94-8575-b37bbbff55d6",
              "parentUUID": "c3045902-32f2-4d84-80e6-18ae6b35ad6d",
              "isHook": false,
              "skipped": false
            },
            {
              "title": "Verifica se o botão contém o texto 'VQV'",
              "fullTitle": "10 - Crie um input que permita à pessoa usuária preencher um novo tamanho para o quadro de pixels Verifica se o botão contém o texto 'VQV'",
              "timedOut": null,
              "duration": 4864,
              "state": "failed",
              "speed": null,
              "pass": false,
              "fail": true,
              "pending": false,
              "context": null,
              "code": "cy.get('#generate-board').contains(/vqv/i);",
              "err": {
                "message": "CypressError: Timed out retrying: Expected to find element: '#generate-board', but never found it.",
                "estack": "CypressError: Timed out retrying: Expected to find element: '#generate-board', but never found it.\n    at cypressErr (http://localhost:55541/__cypress/runner/cypress_runner.js:149934:9)\n    at throwErr (http://localhost:55541/__cypress/runner/cypress_runner.js:149867:11)\n    at Object.throwErrByPath (http://localhost:55541/__cypress/runner/cypress_runner.js:149915:3)\n    at retry (http://localhost:55541/__cypress/runner/cypress_runner.js:144197:19)\n    at onFailFn (http://localhost:55541/__cypress/runner/cypress_runner.js:132448:16)\n    at tryCatcher (http://localhost:55541/__cypress/runner/cypress_runner.js:167415:23)\n    at Promise._settlePromiseFromHandler (http://localhost:55541/__cypress/runner/cypress_runner.js:165351:31)\n    at Promise._settlePromise (http://localhost:55541/__cypress/runner/cypress_runner.js:165408:18)\n    at Promise._settlePromise0 (http://localhost:55541/__cypress/runner/cypress_runner.js:165453:10)\n    at Promise._settlePromises (http://localhost:55541/__cypress/runner/cypress_runner.js:165528:18)\n    at Async../node_modules/bluebird/js/release/async.js.Async._drainQueue (http://localhost:55541/__cypress/runner/cypress_runner.js:162140:16)\n    at Async../node_modules/bluebird/js/release/async.js.Async._drainQueues (http://localhost:55541/__cypress/runner/cypress_runner.js:162150:10)\n    at Async.drainQueues (http://localhost:55541/__cypress/runner/cypress_runner.js:162024:14)",
                "diff": null
              },
              "uuid": "51d90bfd-8594-4ead-9b09-128320ce89be",
              "parentUUID": "c3045902-32f2-4d84-80e6-18ae6b35ad6d",
              "isHook": false,
              "skipped": false
            },
            {
              "title": "Verifica se o input está posicionado entre a paleta de cores e o quadro de pixels",
              "fullTitle": "10 - Crie um input que permita à pessoa usuária preencher um novo tamanho para o quadro de pixels Verifica se o input está posicionado entre a paleta de cores e o quadro de pixels",
              "timedOut": null,
              "duration": 4852,
              "state": "failed",
              "speed": null,
              "pass": false,
              "fail": true,
              "pending": false,
              "context": null,
              "code": "cy.get('#color-palette').then(function (palette) {\n  cy.get('#board-size').should('be.belowOf', palette);\n});\ncy.get('#board-size').then(function (palette) {\n  cy.get('#pixel-board').should('be.belowOf', palette);\n});",
              "err": {
                "message": "CypressError: Timed out retrying: Expected to find element: '#color-palette', but never found it.",
                "estack": "CypressError: Timed out retrying: Expected to find element: '#color-palette', but never found it.\n    at cypressErr (http://localhost:55541/__cypress/runner/cypress_runner.js:149934:9)\n    at throwErr (http://localhost:55541/__cypress/runner/cypress_runner.js:149867:11)\n    at Object.throwErrByPath (http://localhost:55541/__cypress/runner/cypress_runner.js:149915:3)\n    at retry (http://localhost:55541/__cypress/runner/cypress_runner.js:144197:19)\n    at onFailFn (http://localhost:55541/__cypress/runner/cypress_runner.js:132448:16)\n    at tryCatcher (http://localhost:55541/__cypress/runner/cypress_runner.js:167415:23)\n    at Promise._settlePromiseFromHandler (http://localhost:55541/__cypress/runner/cypress_runner.js:165351:31)\n    at Promise._settlePromise (http://localhost:55541/__cypress/runner/cypress_runner.js:165408:18)\n    at Promise._settlePromise0 (http://localhost:55541/__cypress/runner/cypress_runner.js:165453:10)\n    at Promise._settlePromises (http://localhost:55541/__cypress/runner/cypress_runner.js:165528:18)\n    at Async../node_modules/bluebird/js/release/async.js.Async._drainQueue (http://localhost:55541/__cypress/runner/cypress_runner.js:162140:16)\n    at Async../node_modules/bluebird/js/release/async.js.Async._drainQueues (http://localhost:55541/__cypress/runner/cypress_runner.js:162150:10)\n    at Async.drainQueues (http://localhost:55541/__cypress/runner/cypress_runner.js:162024:14)",
                "diff": null
              },
              "uuid": "99540585-016e-48a1-96ad-5d124a92703b",
              "parentUUID": "c3045902-32f2-4d84-80e6-18ae6b35ad6d",
              "isHook": false,
              "skipped": false
            },
            {
              "title": "Verifica se o botão está posicionado ao lado do input",
              "fullTitle": "10 - Crie um input que permita à pessoa usuária preencher um novo tamanho para o quadro de pixels Verifica se o botão está posicionado ao lado do input",
              "timedOut": null,
              "duration": 4886,
              "state": "failed",
              "speed": null,
              "pass": false,
              "fail": true,
              "pending": false,
              "context": null,
              "code": "cy.get('#board-size').then(function (board) {\n  cy.get('#generate-board').should('be.onTheRightOf', board);\n});",
              "err": {
                "message": "CypressError: Timed out retrying: Expected to find element: '#board-size', but never found it.",
                "estack": "CypressError: Timed out retrying: Expected to find element: '#board-size', but never found it.\n    at cypressErr (http://localhost:55541/__cypress/runner/cypress_runner.js:149934:9)\n    at throwErr (http://localhost:55541/__cypress/runner/cypress_runner.js:149867:11)\n    at Object.throwErrByPath (http://localhost:55541/__cypress/runner/cypress_runner.js:149915:3)\n    at retry (http://localhost:55541/__cypress/runner/cypress_runner.js:144197:19)\n    at onFailFn (http://localhost:55541/__cypress/runner/cypress_runner.js:132448:16)\n    at tryCatcher (http://localhost:55541/__cypress/runner/cypress_runner.js:167415:23)\n    at Promise._settlePromiseFromHandler (http://localhost:55541/__cypress/runner/cypress_runner.js:165351:31)\n    at Promise._settlePromise (http://localhost:55541/__cypress/runner/cypress_runner.js:165408:18)\n    at Promise._settlePromise0 (http://localhost:55541/__cypress/runner/cypress_runner.js:165453:10)\n    at Promise._settlePromises (http://localhost:55541/__cypress/runner/cypress_runner.js:165528:18)\n    at Async../node_modules/bluebird/js/release/async.js.Async._drainQueue (http://localhost:55541/__cypress/runner/cypress_runner.js:162140:16)\n    at Async../node_modules/bluebird/js/release/async.js.Async._drainQueues (http://localhost:55541/__cypress/runner/cypress_runner.js:162150:10)\n    at Async.drainQueues (http://localhost:55541/__cypress/runner/cypress_runner.js:162024:14)",
                "diff": null
              },
              "uuid": "6167ed7e-14fb-4328-a509-57656b643982",
              "parentUUID": "c3045902-32f2-4d84-80e6-18ae6b35ad6d",
              "isHook": false,
              "skipped": false
            },
            {
              "title": "Verifica se nenhum valor for colocado no input ao clicar no botão, um `alert` é exibido com o texto: 'Board inválido!'",
              "fullTitle": "10 - Crie um input que permita à pessoa usuária preencher um novo tamanho para o quadro de pixels Verifica se nenhum valor for colocado no input ao clicar no botão, um `alert` é exibido com o texto: 'Board inválido!'",
              "timedOut": null,
              "duration": 4851,
              "state": "failed",
              "speed": null,
              "pass": false,
              "fail": true,
              "pending": false,
              "context": null,
              "code": "var alerted = false;\ncy.on('window:alert', function (msg) {\n  return alerted = msg;\n});\ncy.get('#generate-board').click().then(function () {\n  return expect(alerted).to.match(/Board inválido!/i);\n});",
              "err": {
                "message": "CypressError: Timed out retrying: Expected to find element: '#generate-board', but never found it.",
                "estack": "CypressError: Timed out retrying: Expected to find element: '#generate-board', but never found it.\n    at cypressErr (http://localhost:55541/__cypress/runner/cypress_runner.js:149934:9)\n    at throwErr (http://localhost:55541/__cypress/runner/cypress_runner.js:149867:11)\n    at Object.throwErrByPath (http://localhost:55541/__cypress/runner/cypress_runner.js:149915:3)\n    at retry (http://localhost:55541/__cypress/runner/cypress_runner.js:144197:19)\n    at onFailFn (http://localhost:55541/__cypress/runner/cypress_runner.js:132448:16)\n    at tryCatcher (http://localhost:55541/__cypress/runner/cypress_runner.js:167415:23)\n    at Promise._settlePromiseFromHandler (http://localhost:55541/__cypress/runner/cypress_runner.js:165351:31)\n    at Promise._settlePromise (http://localhost:55541/__cypress/runner/cypress_runner.js:165408:18)\n    at Promise._settlePromise0 (http://localhost:55541/__cypress/runner/cypress_runner.js:165453:10)\n    at Promise._settlePromises (http://localhost:55541/__cypress/runner/cypress_runner.js:165528:18)\n    at Async../node_modules/bluebird/js/release/async.js.Async._drainQueue (http://localhost:55541/__cypress/runner/cypress_runner.js:162140:16)\n    at Async../node_modules/bluebird/js/release/async.js.Async._drainQueues (http://localhost:55541/__cypress/runner/cypress_runner.js:162150:10)\n    at Async.drainQueues (http://localhost:55541/__cypress/runner/cypress_runner.js:162024:14)",
                "diff": null
              },
              "uuid": "58404431-9c28-459b-9443-f691c320fadb",
              "parentUUID": "c3045902-32f2-4d84-80e6-18ae6b35ad6d",
              "isHook": false,
              "skipped": false
            },
            {
              "title": "Verifica se ao clicar no botão com um valor preenchido, o tamanho do board muda.",
              "fullTitle": "10 - Crie um input que permita à pessoa usuária preencher um novo tamanho para o quadro de pixels Verifica se ao clicar no botão com um valor preenchido, o tamanho do board muda.",
              "timedOut": null,
              "duration": 4852,
              "state": "failed",
              "speed": null,
              "pass": false,
              "fail": true,
              "pending": false,
              "context": null,
              "code": "cy.get('#board-size').clear().type(10);\ncy.get('#generate-board').click();\ncy.get('.pixel').should('have.length', 100);",
              "err": {
                "message": "CypressError: Timed out retrying: Expected to find element: '#board-size', but never found it.",
                "estack": "CypressError: Timed out retrying: Expected to find element: '#board-size', but never found it.\n    at cypressErr (http://localhost:55541/__cypress/runner/cypress_runner.js:149934:9)\n    at throwErr (http://localhost:55541/__cypress/runner/cypress_runner.js:149867:11)\n    at Object.throwErrByPath (http://localhost:55541/__cypress/runner/cypress_runner.js:149915:3)\n    at retry (http://localhost:55541/__cypress/runner/cypress_runner.js:144197:19)\n    at onFailFn (http://localhost:55541/__cypress/runner/cypress_runner.js:132448:16)\n    at tryCatcher (http://localhost:55541/__cypress/runner/cypress_runner.js:167415:23)\n    at Promise._settlePromiseFromHandler (http://localhost:55541/__cypress/runner/cypress_runner.js:165351:31)\n    at Promise._settlePromise (http://localhost:55541/__cypress/runner/cypress_runner.js:165408:18)\n    at Promise._settlePromise0 (http://localhost:55541/__cypress/runner/cypress_runner.js:165453:10)\n    at Promise._settlePromises (http://localhost:55541/__cypress/runner/cypress_runner.js:165528:18)\n    at Async../node_modules/bluebird/js/release/async.js.Async._drainQueue (http://localhost:55541/__cypress/runner/cypress_runner.js:162140:16)\n    at Async../node_modules/bluebird/js/release/async.js.Async._drainQueues (http://localhost:55541/__cypress/runner/cypress_runner.js:162150:10)\n    at Async.drainQueues (http://localhost:55541/__cypress/runner/cypress_runner.js:162024:14)",
                "diff": null
              },
              "uuid": "1026bc29-50d3-4d67-a9ea-04c3c04cea8a",
              "parentUUID": "c3045902-32f2-4d84-80e6-18ae6b35ad6d",
              "isHook": false,
              "skipped": false
            },
            {
              "title": "Verifica se o novo quadro tem todos os pixels preenchidos com a cor branca",
              "fullTitle": "10 - Crie um input que permita à pessoa usuária preencher um novo tamanho para o quadro de pixels Verifica se o novo quadro tem todos os pixels preenchidos com a cor branca",
              "timedOut": null,
              "duration": 4778,
              "state": "failed",
              "speed": null,
              "pass": false,
              "fail": true,
              "pending": false,
              "context": null,
              "code": "cy.get('#board-size').clear().type(6);\ncy.get('#generate-board').click();\ncy.get('.pixel').should('have.length', 36).each(function (pixel) {\n  expect(pixel).to.have.css('background-color', WHITE);\n});",
              "err": {
                "message": "CypressError: Timed out retrying: Expected to find element: '#board-size', but never found it.",
                "estack": "CypressError: Timed out retrying: Expected to find element: '#board-size', but never found it.\n    at cypressErr (http://localhost:55541/__cypress/runner/cypress_runner.js:149934:9)\n    at throwErr (http://localhost:55541/__cypress/runner/cypress_runner.js:149867:11)\n    at Object.throwErrByPath (http://localhost:55541/__cypress/runner/cypress_runner.js:149915:3)\n    at retry (http://localhost:55541/__cypress/runner/cypress_runner.js:144197:19)\n    at onFailFn (http://localhost:55541/__cypress/runner/cypress_runner.js:132448:16)\n    at tryCatcher (http://localhost:55541/__cypress/runner/cypress_runner.js:167415:23)\n    at Promise._settlePromiseFromHandler (http://localhost:55541/__cypress/runner/cypress_runner.js:165351:31)\n    at Promise._settlePromise (http://localhost:55541/__cypress/runner/cypress_runner.js:165408:18)\n    at Promise._settlePromise0 (http://localhost:55541/__cypress/runner/cypress_runner.js:165453:10)\n    at Promise._settlePromises (http://localhost:55541/__cypress/runner/cypress_runner.js:165528:18)\n    at Async../node_modules/bluebird/js/release/async.js.Async._drainQueue (http://localhost:55541/__cypress/runner/cypress_runner.js:162140:16)\n    at Async../node_modules/bluebird/js/release/async.js.Async._drainQueues (http://localhost:55541/__cypress/runner/cypress_runner.js:162150:10)\n    at Async.drainQueues (http://localhost:55541/__cypress/runner/cypress_runner.js:162024:14)",
                "diff": null
              },
              "uuid": "40893bac-7b5d-487f-a27d-cf524344ca79",
              "parentUUID": "c3045902-32f2-4d84-80e6-18ae6b35ad6d",
              "isHook": false,
              "skipped": false
            }
          ],
          "suites": [],
          "passes": [],
          "failures": [
            "5502a046-0148-4e4f-ba57-d72d3e513b50",
            "bd6d32c9-1b05-4bea-949a-d33c6f3fb576",
            "71cec14c-e23a-4e94-8575-b37bbbff55d6",
            "51d90bfd-8594-4ead-9b09-128320ce89be",
            "99540585-016e-48a1-96ad-5d124a92703b",
            "6167ed7e-14fb-4328-a509-57656b643982",
            "58404431-9c28-459b-9443-f691c320fadb",
            "1026bc29-50d3-4d67-a9ea-04c3c04cea8a",
            "40893bac-7b5d-487f-a27d-cf524344ca79"
          ],
          "pending": [],
          "skipped": [],
          "duration": 43638,
          "root": false,
          "rootEmpty": false,
          "_timeout": 2000
        },
        {
          "uuid": "e6a759a6-cfde-4100-87c0-7f17ac8eae33",
          "title": "11 - Crie uma função que limite o tamanho mínimo e máximo do quadro de pixels",
          "fullFile": "",
          "file": "",
          "beforeHooks": [],
          "afterHooks": [],
          "tests": [
            {
              "title": "Verifica se a altura máxima do board é 50",
              "fullTitle": "11 - Crie uma função que limite o tamanho mínimo e máximo do quadro de pixels Verifica se a altura máxima do board é 50",
              "timedOut": null,
              "duration": 4760,
              "state": "failed",
              "speed": null,
              "pass": false,
              "fail": true,
              "pending": false,
              "context": null,
              "code": "cy.get('#board-size').clear().type(50);\ncy.get('#generate-board').click();\ncy.get('.pixel').should('have.length', 2500);",
              "err": {
                "message": "CypressError: Timed out retrying: Expected to find element: '#board-size', but never found it.",
                "estack": "CypressError: Timed out retrying: Expected to find element: '#board-size', but never found it.\n    at cypressErr (http://localhost:55541/__cypress/runner/cypress_runner.js:149934:9)\n    at throwErr (http://localhost:55541/__cypress/runner/cypress_runner.js:149867:11)\n    at Object.throwErrByPath (http://localhost:55541/__cypress/runner/cypress_runner.js:149915:3)\n    at retry (http://localhost:55541/__cypress/runner/cypress_runner.js:144197:19)\n    at onFailFn (http://localhost:55541/__cypress/runner/cypress_runner.js:132448:16)\n    at tryCatcher (http://localhost:55541/__cypress/runner/cypress_runner.js:167415:23)\n    at Promise._settlePromiseFromHandler (http://localhost:55541/__cypress/runner/cypress_runner.js:165351:31)\n    at Promise._settlePromise (http://localhost:55541/__cypress/runner/cypress_runner.js:165408:18)\n    at Promise._settlePromise0 (http://localhost:55541/__cypress/runner/cypress_runner.js:165453:10)\n    at Promise._settlePromises (http://localhost:55541/__cypress/runner/cypress_runner.js:165528:18)\n    at Async../node_modules/bluebird/js/release/async.js.Async._drainQueue (http://localhost:55541/__cypress/runner/cypress_runner.js:162140:16)\n    at Async../node_modules/bluebird/js/release/async.js.Async._drainQueues (http://localhost:55541/__cypress/runner/cypress_runner.js:162150:10)\n    at Async.drainQueues (http://localhost:55541/__cypress/runner/cypress_runner.js:162024:14)",
                "diff": null
              },
              "uuid": "4ef7c060-c4fa-4fe8-9304-074389ee326f",
              "parentUUID": "e6a759a6-cfde-4100-87c0-7f17ac8eae33",
              "isHook": false,
              "skipped": false
            },
            {
              "title": "Verifica se a altura do board é 5 quando um valor menor é colocado no input",
              "fullTitle": "11 - Crie uma função que limite o tamanho mínimo e máximo do quadro de pixels Verifica se a altura do board é 5 quando um valor menor é colocado no input",
              "timedOut": null,
              "duration": 4800,
              "state": "failed",
              "speed": null,
              "pass": false,
              "fail": true,
              "pending": false,
              "context": null,
              "code": "cy.get('#board-size').clear().type(4);\ncy.get('#generate-board').click();\ncy.get('.pixel').should('have.length', 25);",
              "err": {
                "message": "CypressError: Timed out retrying: Expected to find element: '#board-size', but never found it.",
                "estack": "CypressError: Timed out retrying: Expected to find element: '#board-size', but never found it.\n    at cypressErr (http://localhost:55541/__cypress/runner/cypress_runner.js:149934:9)\n    at throwErr (http://localhost:55541/__cypress/runner/cypress_runner.js:149867:11)\n    at Object.throwErrByPath (http://localhost:55541/__cypress/runner/cypress_runner.js:149915:3)\n    at retry (http://localhost:55541/__cypress/runner/cypress_runner.js:144197:19)\n    at onFailFn (http://localhost:55541/__cypress/runner/cypress_runner.js:132448:16)\n    at tryCatcher (http://localhost:55541/__cypress/runner/cypress_runner.js:167415:23)\n    at Promise._settlePromiseFromHandler (http://localhost:55541/__cypress/runner/cypress_runner.js:165351:31)\n    at Promise._settlePromise (http://localhost:55541/__cypress/runner/cypress_runner.js:165408:18)\n    at Promise._settlePromise0 (http://localhost:55541/__cypress/runner/cypress_runner.js:165453:10)\n    at Promise._settlePromises (http://localhost:55541/__cypress/runner/cypress_runner.js:165528:18)\n    at Async../node_modules/bluebird/js/release/async.js.Async._drainQueue (http://localhost:55541/__cypress/runner/cypress_runner.js:162140:16)\n    at Async../node_modules/bluebird/js/release/async.js.Async._drainQueues (http://localhost:55541/__cypress/runner/cypress_runner.js:162150:10)\n    at Async.drainQueues (http://localhost:55541/__cypress/runner/cypress_runner.js:162024:14)",
                "diff": null
              },
              "uuid": "8b5e4a27-b43e-4afb-ba0d-d201d30236e3",
              "parentUUID": "e6a759a6-cfde-4100-87c0-7f17ac8eae33",
              "isHook": false,
              "skipped": false
            },
            {
              "title": "Verifica se a altura do board é 50 quando um valor maior é colocado no input",
              "fullTitle": "11 - Crie uma função que limite o tamanho mínimo e máximo do quadro de pixels Verifica se a altura do board é 50 quando um valor maior é colocado no input",
              "timedOut": null,
              "duration": 4917,
              "state": "failed",
              "speed": null,
              "pass": false,
              "fail": true,
              "pending": false,
              "context": null,
              "code": "cy.get('#board-size').clear().type(51);\ncy.get('#generate-board').click();\ncy.get('.pixel').should('have.length', 2500);",
              "err": {
                "message": "CypressError: Timed out retrying: Expected to find element: '#board-size', but never found it.",
                "estack": "CypressError: Timed out retrying: Expected to find element: '#board-size', but never found it.\n    at cypressErr (http://localhost:55541/__cypress/runner/cypress_runner.js:149934:9)\n    at throwErr (http://localhost:55541/__cypress/runner/cypress_runner.js:149867:11)\n    at Object.throwErrByPath (http://localhost:55541/__cypress/runner/cypress_runner.js:149915:3)\n    at retry (http://localhost:55541/__cypress/runner/cypress_runner.js:144197:19)\n    at onFailFn (http://localhost:55541/__cypress/runner/cypress_runner.js:132448:16)\n    at tryCatcher (http://localhost:55541/__cypress/runner/cypress_runner.js:167415:23)\n    at Promise._settlePromiseFromHandler (http://localhost:55541/__cypress/runner/cypress_runner.js:165351:31)\n    at Promise._settlePromise (http://localhost:55541/__cypress/runner/cypress_runner.js:165408:18)\n    at Promise._settlePromise0 (http://localhost:55541/__cypress/runner/cypress_runner.js:165453:10)\n    at Promise._settlePromises (http://localhost:55541/__cypress/runner/cypress_runner.js:165528:18)\n    at Async../node_modules/bluebird/js/release/async.js.Async._drainQueue (http://localhost:55541/__cypress/runner/cypress_runner.js:162140:16)\n    at Async../node_modules/bluebird/js/release/async.js.Async._drainQueues (http://localhost:55541/__cypress/runner/cypress_runner.js:162150:10)\n    at Async.drainQueues (http://localhost:55541/__cypress/runner/cypress_runner.js:162024:14)",
                "diff": null
              },
              "uuid": "5b19c387-d67d-42ec-a4d3-502e7984d58b",
              "parentUUID": "e6a759a6-cfde-4100-87c0-7f17ac8eae33",
              "isHook": false,
              "skipped": false
            }
          ],
          "suites": [],
          "passes": [],
          "failures": [
            "4ef7c060-c4fa-4fe8-9304-074389ee326f",
            "8b5e4a27-b43e-4afb-ba0d-d201d30236e3",
            "5b19c387-d67d-42ec-a4d3-502e7984d58b"
          ],
          "pending": [],
          "skipped": [],
          "duration": 14477,
          "root": false,
          "rootEmpty": false,
          "_timeout": 2000
        },
        {
          "uuid": "19ece615-208a-4fc9-81a1-e8604352a02a",
          "title": "12 - Crie uma função para gerar as cores aleatoriamente ao carregar a página, com exceção da cor preta",
          "fullFile": "",
          "file": "",
          "beforeHooks": [],
          "afterHooks": [],
          "tests": [
            {
              "title": "Verifica se as cores geradas na paleta são diferentes a cada carregamento da página",
              "fullTitle": "12 - Crie uma função para gerar as cores aleatoriamente ao carregar a página, com exceção da cor preta Verifica se as cores geradas na paleta são diferentes a cada carregamento da página",
              "timedOut": null,
              "duration": 1086,
              "state": "failed",
              "speed": null,
              "pass": false,
              "fail": true,
              "pending": false,
              "context": null,
              "code": "cy.get('.color').then(function (colors) {\n  var currentColors;\n  var previousColors;\n  previousColors = Array.from(colors).map(function (color) {\n    return Cypress.$(color).css('background-color');\n  });\n  for (var i = 0; i < 5; i += 1) {\n    cy.reload();\n    cy.get('.color').then(function (colors) {\n      currentColors = Array.from(colors).map(function (color) {\n        return Cypress.$(color).css('background-color');\n      });\n      expect(currentColors).not.to.deep.equal(previousColors);\n      previousColors = currentColors;\n    });\n  }\n});",
              "err": {
                "message": "AssertionError: expected [ Array(4) ] to not deeply equal [ Array(4) ]",
                "estack": "AssertionError: expected [ Array(4) ] to not deeply equal [ Array(4) ]\n    at getRet (http://localhost:55541/__cypress/runner/cypress_runner.js:136585:16)\n    at tryCatcher (http://localhost:55541/__cypress/runner/cypress_runner.js:167415:23)\n    at Function.Promise.attempt.Promise.try (http://localhost:55541/__cypress/runner/cypress_runner.js:164690:29)\n    at Context.thenFn (http://localhost:55541/__cypress/runner/cypress_runner.js:136599:23)\n    at Context.then (http://localhost:55541/__cypress/runner/cypress_runner.js:136971:21)\n    at Context.<anonymous> (http://localhost:55541/__cypress/runner/cypress_runner.js:148875:21)\n    at http://localhost:55541/__cypress/runner/cypress_runner.js:148351:33\n    at tryCatcher (http://localhost:55541/__cypress/runner/cypress_runner.js:167415:23)\n    at Promise._settlePromiseFromHandler (http://localhost:55541/__cypress/runner/cypress_runner.js:165351:31)\n    at Promise._settlePromise (http://localhost:55541/__cypress/runner/cypress_runner.js:165408:18)\n    at Promise._settlePromiseCtx (http://localhost:55541/__cypress/runner/cypress_runner.js:165445:10)\n    at Async../node_modules/bluebird/js/release/async.js.Async._drainQueue (http://localhost:55541/__cypress/runner/cypress_runner.js:162145:12)\n    at Async../node_modules/bluebird/js/release/async.js.Async._drainQueues (http://localhost:55541/__cypress/runner/cypress_runner.js:162150:10)\n    at Async.drainQueues (http://localhost:55541/__cypress/runner/cypress_runner.js:162024:14)",
                "diff": ""
              },
              "uuid": "103ede28-12bd-4a84-b20a-2957e1f5ffe6",
              "parentUUID": "19ece615-208a-4fc9-81a1-e8604352a02a",
              "isHook": false,
              "skipped": false
            },
            {
              "title": "Verifica se a cor preta ainda está presente e é a primeira na sua paleta de cores",
              "fullTitle": "12 - Crie uma função para gerar as cores aleatoriamente ao carregar a página, com exceção da cor preta Verifica se a cor preta ainda está presente e é a primeira na sua paleta de cores",
              "timedOut": null,
              "duration": 938,
              "state": "failed",
              "speed": null,
              "pass": false,
              "fail": true,
              "pending": false,
              "context": null,
              "code": "cy.get('.color').then(function (colors) {\n  var currentColors;\n  var previousColors;\n  previousColors = Array.from(colors).map(function (color) {\n    return Cypress.$(color).css('background-color');\n  });\n  expect(previousColors[0]).to.eq(BLACK);\n  for (var i = 0; i < 5; i += 1) {\n    cy.reload();\n    cy.get('.color').then(function (colors) {\n      currentColors = Array.from(colors).map(function (color) {\n        return Cypress.$(color).css('background-color');\n      });\n      expect(currentColors[0]).to.eq(BLACK);\n      expect(currentColors).not.to.deep.equal(previousColors);\n      previousColors = currentColors;\n    });\n  }\n});",
              "err": {
                "message": "AssertionError: expected [ Array(4) ] to not deeply equal [ Array(4) ]",
                "estack": "AssertionError: expected [ Array(4) ] to not deeply equal [ Array(4) ]\n    at getRet (http://localhost:55541/__cypress/runner/cypress_runner.js:136585:16)\n    at tryCatcher (http://localhost:55541/__cypress/runner/cypress_runner.js:167415:23)\n    at Function.Promise.attempt.Promise.try (http://localhost:55541/__cypress/runner/cypress_runner.js:164690:29)\n    at Context.thenFn (http://localhost:55541/__cypress/runner/cypress_runner.js:136599:23)\n    at Context.then (http://localhost:55541/__cypress/runner/cypress_runner.js:136971:21)\n    at Context.<anonymous> (http://localhost:55541/__cypress/runner/cypress_runner.js:148875:21)\n    at http://localhost:55541/__cypress/runner/cypress_runner.js:148351:33\n    at tryCatcher (http://localhost:55541/__cypress/runner/cypress_runner.js:167415:23)\n    at Promise._settlePromiseFromHandler (http://localhost:55541/__cypress/runner/cypress_runner.js:165351:31)\n    at Promise._settlePromise (http://localhost:55541/__cypress/runner/cypress_runner.js:165408:18)\n    at Promise._settlePromiseCtx (http://localhost:55541/__cypress/runner/cypress_runner.js:165445:10)\n    at Async../node_modules/bluebird/js/release/async.js.Async._drainQueue (http://localhost:55541/__cypress/runner/cypress_runner.js:162145:12)\n    at Async../node_modules/bluebird/js/release/async.js.Async._drainQueues (http://localhost:55541/__cypress/runner/cypress_runner.js:162150:10)\n    at Async.drainQueues (http://localhost:55541/__cypress/runner/cypress_runner.js:162024:14)",
                "diff": ""
              },
              "uuid": "09d47cd0-9ab2-440b-9336-76b4f4e60d9e",
              "parentUUID": "19ece615-208a-4fc9-81a1-e8604352a02a",
              "isHook": false,
              "skipped": false
            }
          ],
          "suites": [],
          "passes": [],
          "failures": [
            "103ede28-12bd-4a84-b20a-2957e1f5ffe6",
            "09d47cd0-9ab2-440b-9336-76b4f4e60d9e"
          ],
          "pending": [],
          "skipped": [],
          "duration": 2024,
          "root": false,
          "rootEmpty": false,
          "_timeout": 2000
        }
      ],
      "passes": [],
      "failures": [],
      "pending": [],
      "skipped": [],
      "duration": 0,
      "root": true,
      "rootEmpty": true,
      "_timeout": 2000
    }
  ],
  "meta": {
    "mocha": {
      "version": "7.0.1"
    },
    "mochawesome": {
      "options": {
        "quiet": false,
        "reportFilename": "mochawesome",
        "saveHtml": false,
        "saveJson": true,
        "consoleReporter": "spec",
        "useInlineDiffs": false
      },
      "version": "4.1.0"
    },
    "marge": {
      "options": {
        "id": "default",
        "reportDir": "cypress/reports",
        "overwrite": true,
        "html": false,
        "json": true
      },
      "version": "4.1.0"
    }
  }
}